================================================== 	 22 of 56 ( 37.5 %)	 ==================================================
2021-01-24 23:42:41.776778
PAPER EXPERIMENTS
Tech:               TF
Feature Selection:  False
Cross Validation:   False
Remove Outliers:    False
Include Attributes: True
Include N-Grams:    True
Reduce Models:      True
After FS:           False
Remove outlier_both False
K Feature Select:   500

Processed documents: 1062
No proc w/ compensation > 0: 940
TF BOW Document Vector
Features:  25000
Total documents: 940

  0%|                                                                                                                                                                               | 0/25 [00:00<?, ?it/s]
  4%|██████▌                                                                                                                                                             | 1/25 [09:31<3:48:44, 571.84s/it]
  8%|█████████████                                                                                                                                                       | 2/25 [20:32<3:49:26, 598.55s/it]
 12%|███████████████████▋                                                                                                                                                | 3/25 [31:52<3:48:24, 622.91s/it]
 16%|██████████████████████████▏                                                                                                                                         | 4/25 [41:20<3:32:13, 606.36s/it]
 20%|████████████████████████████████▊                                                                                                                                   | 5/25 [53:07<3:32:14, 636.71s/it]
 24%|██████████████████████████████████████▉                                                                                                                           | 6/25 [1:01:38<3:09:38, 598.89s/it]
 28%|█████████████████████████████████████████████▎                                                                                                                    | 7/25 [1:10:28<2:53:26, 578.14s/it]
 32%|███████████████████████████████████████████████████▊                                                                                                              | 8/25 [1:20:41<2:46:47, 588.65s/it]
 36%|██████████████████████████████████████████████████████████▎                                                                                                       | 9/25 [1:30:05<2:35:01, 581.37s/it]
 40%|████████████████████████████████████████████████████████████████▍                                                                                                | 10/25 [1:38:57<2:21:39, 566.62s/it]
 44%|██████████████████████████████████████████████████████████████████████▊                                                                                          | 11/25 [1:49:35<2:17:09, 587.79s/it]
 48%|█████████████████████████████████████████████████████████████████████████████▎                                                                                   | 12/25 [1:58:47<2:05:04, 577.24s/it]
 52%|███████████████████████████████████████████████████████████████████████████████████▋                                                                             | 13/25 [2:09:40<1:59:58, 599.90s/it]
 56%|██████████████████████████████████████████████████████████████████████████████████████████▏                                                                      | 14/25 [2:18:09<1:44:58, 572.55s/it]
 60%|████████████████████████████████████████████████████████████████████████████████████████████████▌                                                                | 15/25 [2:28:57<1:39:14, 595.41s/it]
 64%|███████████████████████████████████████████████████████████████████████████████████████████████████████                                                          | 16/25 [2:39:37<1:31:18, 608.69s/it]
 68%|█████████████████████████████████████████████████████████████████████████████████████████████████████████████▍                                                   | 17/25 [2:49:16<1:19:58, 599.87s/it]
 72%|███████████████████████████████████████████████████████████████████████████████████████████████████████████████████▉                                             | 18/25 [2:59:01<1:09:26, 595.19s/it]
 76%|███████████████████████████████████████████████████████████████████████████████████████████████████████████████████████████▉                                       | 19/25 [3:08:27<58:39, 586.54s/it]
 80%|██████████████████████████████████████████████████████████████████████████████████████████████████████████████████████████████████▍                                | 20/25 [3:17:40<48:02, 576.57s/it]
 84%|████████████████████████████████████████████████████████████████████████████████████████████████████████████████████████████████████████▉                          | 21/25 [3:29:54<41:35, 623.85s/it]
 88%|███████████████████████████████████████████████████████████████████████████████████████████████████████████████████████████████████████████████▍                   | 22/25 [3:38:56<29:57, 599.14s/it]
 92%|█████████████████████████████████████████████████████████████████████████████████████████████████████████████████████████████████████████████████████▉             | 23/25 [3:49:24<20:15, 607.94s/it]
 96%|████████████████████████████████████████████████████████████████████████████████████████████████████████████████████████████████████████████████████████████▍      | 24/25 [4:00:23<10:23, 623.22s/it]
100%|███████████████████████████████████████████████████████████████████████████████████████████████████████████████████████████████████████████████████████████████████| 25/25 [4:11:17<00:00, 632.40s/it]
100%|███████████████████████████████████████████████████████████████████████████████████████████████████████████████████████████████████████████████████████████████████| 25/25 [4:11:17<00:00, 603.11s/it]
Elapsed Time:	 4:11:22.628850
=====
================================================== 	 23 of 56 ( 39.3 %)	 ==================================================
2021-01-25 03:59:04.707191
PAPER EXPERIMENTS
Tech:               TF
Feature Selection:  False
Cross Validation:   True
Remove Outliers:    False
Include Attributes: True
Include N-Grams:    False
Reduce Models:      True
After FS:           False
Remove outlier_both False
K Feature Select:   500

Processed documents: 1062
No proc w/ compensation > 0: 940
TF BOW Document Vector
Features:  16904
Total documents: 940

  0%|                                                                                                                                                                               | 0/25 [00:00<?, ?it/s]
  4%|██████▍                                                                                                                                                           | 1/25 [32:34<13:01:58, 1954.93s/it]
  8%|████████████▊                                                                                                                                                   | 2/25 [1:06:44<12:40:13, 1983.19s/it]
 12%|███████████████████▏                                                                                                                                            | 3/25 [1:37:29<11:52:00, 1941.86s/it]
 16%|█████████████████████████▌                                                                                                                                      | 4/25 [2:06:05<10:55:57, 1874.18s/it]
 20%|████████████████████████████████                                                                                                                                | 5/25 [2:36:21<10:18:54, 1856.72s/it]
 24%|██████████████████████████████████████▋                                                                                                                          | 6/25 [3:08:28<9:54:34, 1877.59s/it]
 28%|█████████████████████████████████████████████                                                                                                                    | 7/25 [3:39:11<9:20:13, 1867.42s/it]
 32%|███████████████████████████████████████████████████▌                                                                                                             | 8/25 [4:09:14<8:43:38, 1848.14s/it]
 36%|█████████████████████████████████████████████████████████▉                                                                                                       | 9/25 [4:39:43<8:11:16, 1842.29s/it]
 40%|████████████████████████████████████████████████████████████████                                                                                                | 10/25 [5:09:47<7:37:44, 1830.94s/it]
 44%|██████████████████████████████████████████████████████████████████████▍                                                                                         | 11/25 [5:41:16<7:11:17, 1848.36s/it]
 48%|████████████████████████████████████████████████████████████████████████████▊                                                                                   | 12/25 [6:12:42<6:42:52, 1859.42s/it]
 52%|███████████████████████████████████████████████████████████████████████████████████▏                                                                            | 13/25 [6:44:31<6:14:51, 1874.28s/it]
 56%|█████████████████████████████████████████████████████████████████████████████████████████▌                                                                      | 14/25 [7:15:25<5:42:32, 1868.39s/it]
 60%|████████████████████████████████████████████████████████████████████████████████████████████████                                                                | 15/25 [7:46:15<5:10:27, 1862.79s/it]
 64%|██████████████████████████████████████████████████████████████████████████████████████████████████████▍                                                         | 16/25 [8:15:05<4:33:26, 1822.97s/it]
 68%|████████████████████████████████████████████████████████████████████████████████████████████████████████████▊                                                   | 17/25 [8:45:35<4:03:21, 1825.20s/it]
 72%|███████████████████████████████████████████████████████████████████████████████████████████████████████████████████▏                                            | 18/25 [9:15:03<3:30:54, 1807.77s/it]
 76%|█████████████████████████████████████████████████████████████████████████████████████████████████████████████████████████▌                                      | 19/25 [9:47:45<3:05:24, 1854.15s/it]
 80%|███████████████████████████████████████████████████████████████████████████████████████████████████████████████████████████████▏                               | 20/25 [10:18:15<2:33:54, 1846.98s/it]
 84%|█████████████████████████████████████████████████████████████████████████████████████████████████████████████████████████████████████▌                         | 21/25 [10:47:28<2:01:14, 1818.64s/it]
 88%|███████████████████████████████████████████████████████████████████████████████████████████████████████████████████████████████████████████▉                   | 22/25 [11:19:59<1:32:55, 1858.57s/it]
 92%|██████████████████████████████████████████████████████████████████████████████████████████████████████████████████████████████████████████████████▎            | 23/25 [11:49:30<1:01:04, 1832.07s/it]
 96%|██████████████████████████████████████████████████████████████████████████████████████████████████████████████████████████████████████████████████████████▌      | 24/25 [12:21:14<30:53, 1853.71s/it]
100%|█████████████████████████████████████████████████████████████████████████████████████████████████████████████████████████████████████████████████████████████████| 25/25 [12:51:26<00:00, 1841.26s/it]
100%|█████████████████████████████████████████████████████████████████████████████████████████████████████████████████████████████████████████████████████████████████| 25/25 [12:51:26<00:00, 1851.46s/it]
Elapsed Time:	 12:51:28.550973
=====
