================================================== 	 20 of 56 ( 33.9 %)	 ==================================================
2021-01-23 15:46:27.125193
PAPER EXPERIMENTS
Tech:               TF
Feature Selection:  False
Cross Validation:   True
Remove Outliers:    False
Include Attributes: False
Include N-Grams:    True
Reduce Models:      True
After FS:           False
Remove outlier_both False
K Feature Select:   500

Processed documents: 1062
No proc w/ compensation > 0: 940
TF BOW Document Vector
Features:  25000
Total documents: 940

  0%|                                                                                                                                                                               | 0/25 [00:00<?, ?it/s]
  4%|██████▍                                                                                                                                                           | 1/25 [54:35<21:50:12, 3275.53s/it]
  8%|████████████▊                                                                                                                                                   | 2/25 [1:54:36<21:33:03, 3373.21s/it]
 12%|███████████████████▏                                                                                                                                            | 3/25 [2:51:10<20:39:05, 3379.34s/it]
 16%|█████████████████████████▌                                                                                                                                      | 4/25 [3:49:34<19:55:51, 3416.75s/it]
 20%|████████████████████████████████                                                                                                                                | 5/25 [4:45:44<18:54:13, 3402.69s/it]
 24%|██████████████████████████████████████▍                                                                                                                         | 6/25 [5:42:28<17:57:38, 3403.10s/it]
 28%|████████████████████████████████████████████▊                                                                                                                   | 7/25 [6:38:58<16:59:46, 3399.27s/it]
 32%|███████████████████████████████████████████████████▏                                                                                                            | 8/25 [7:33:18<15:51:15, 3357.39s/it]
 36%|█████████████████████████████████████████████████████████▌                                                                                                      | 9/25 [8:31:45<15:07:17, 3402.33s/it]
 40%|███████████████████████████████████████████████████████████████▌                                                                                               | 10/25 [9:28:24<14:10:20, 3401.38s/it]
 44%|█████████████████████████████████████████████████████████████████████▌                                                                                        | 11/25 [10:26:56<13:21:24, 3434.60s/it]
 48%|███████████████████████████████████████████████████████████████████████████▊                                                                                  | 12/25 [11:21:58<12:15:31, 3394.72s/it]
 52%|██████████████████████████████████████████████████████████████████████████████████▏                                                                           | 13/25 [12:17:42<11:15:55, 3379.62s/it]
 56%|████████████████████████████████████████████████████████████████████████████████████████▍                                                                     | 14/25 [13:14:45<10:21:57, 3392.50s/it]
 60%|███████████████████████████████████████████████████████████████████████████████████████████████▍                                                               | 15/25 [14:12:14<9:28:15, 3409.57s/it]
 64%|█████████████████████████████████████████████████████████████████████████████████████████████████████▊                                                         | 16/25 [15:06:46<8:25:12, 3368.07s/it]
 68%|████████████████████████████████████████████████████████████████████████████████████████████████████████████                                                   | 17/25 [16:03:36<7:30:46, 3380.82s/it]
 72%|██████████████████████████████████████████████████████████████████████████████████████████████████████████████████▍                                            | 18/25 [16:58:15<6:30:52, 3350.30s/it]
 76%|████████████████████████████████████████████████████████████████████████████████████████████████████████████████████████▊                                      | 19/25 [17:55:23<5:37:21, 3373.55s/it]
 80%|███████████████████████████████████████████████████████████████████████████████████████████████████████████████████████████████▏                               | 20/25 [18:46:59<4:34:11, 3290.27s/it]
 84%|█████████████████████████████████████████████████████████████████████████████████████████████████████████████████████████████████████▌                         | 21/25 [19:39:01<3:35:59, 3239.86s/it]
 88%|███████████████████████████████████████████████████████████████████████████████████████████████████████████████████████████████████████████▉                   | 22/25 [20:34:08<2:43:00, 3260.09s/it]
 92%|██████████████████████████████████████████████████████████████████████████████████████████████████████████████████████████████████████████████████▎            | 23/25 [21:28:16<1:48:32, 3256.20s/it]
 96%|██████████████████████████████████████████████████████████████████████████████████████████████████████████████████████████████████████████████████████████▌      | 24/25 [22:20:25<53:38, 3218.23s/it]
100%|█████████████████████████████████████████████████████████████████████████████████████████████████████████████████████████████████████████████████████████████████| 25/25 [23:13:34<00:00, 3209.44s/it]
100%|█████████████████████████████████████████████████████████████████████████████████████████████████████████████████████████████████████████████████████████████████| 25/25 [23:13:34<00:00, 3344.59s/it]
Elapsed Time:	 23:13:39.407630
=====
================================================== 	 21 of 56 ( 35.7 %)	 ==================================================
2021-01-24 15:05:06.737844
PAPER EXPERIMENTS
Tech:               TF
Feature Selection:  False
Cross Validation:   False
Remove Outliers:    False
Include Attributes: True
Include N-Grams:    False
Reduce Models:      True
After FS:           False
Remove outlier_both False
K Feature Select:   500

Processed documents: 1062
No proc w/ compensation > 0: 940
TF BOW Document Vector
Features:  16904
Total documents: 940

  0%|                                                                                                                                                                               | 0/25 [00:00<?, ?it/s]
  4%|██████▌                                                                                                                                                             | 1/25 [08:47<3:30:52, 527.20s/it]
  8%|█████████████                                                                                                                                                       | 2/25 [16:35<3:15:21, 509.63s/it]
 12%|███████████████████▋                                                                                                                                                | 3/25 [23:00<2:53:04, 472.01s/it]
 16%|██████████████████████████▏                                                                                                                                         | 4/25 [31:18<2:48:00, 480.04s/it]
 20%|████████████████████████████████▊                                                                                                                                   | 5/25 [37:35<2:29:38, 448.90s/it]
 24%|███████████████████████████████████████▎                                                                                                                            | 6/25 [44:45<2:20:24, 443.37s/it]
 28%|█████████████████████████████████████████████▉                                                                                                                      | 7/25 [52:51<2:16:49, 456.06s/it]
 32%|████████████████████████████████████████████████████▍                                                                                                               | 8/25 [59:33<2:04:37, 439.87s/it]
 36%|██████████████████████████████████████████████████████████▎                                                                                                       | 9/25 [1:07:09<1:58:38, 444.89s/it]
 40%|████████████████████████████████████████████████████████████████▍                                                                                                | 10/25 [1:14:49<1:52:20, 449.33s/it]
 44%|██████████████████████████████████████████████████████████████████████▊                                                                                          | 11/25 [1:23:01<1:47:51, 462.22s/it]
 48%|█████████████████████████████████████████████████████████████████████████████▎                                                                                   | 12/25 [1:31:10<1:41:52, 470.17s/it]
 52%|███████████████████████████████████████████████████████████████████████████████████▋                                                                             | 13/25 [1:37:18<1:27:53, 439.42s/it]
 56%|██████████████████████████████████████████████████████████████████████████████████████████▏                                                                      | 14/25 [1:43:14<1:15:57, 414.31s/it]
 60%|████████████████████████████████████████████████████████████████████████████████████████████████▌                                                                | 15/25 [1:49:59<1:08:36, 411.68s/it]
 64%|███████████████████████████████████████████████████████████████████████████████████████████████████████                                                          | 16/25 [1:58:34<1:06:23, 442.57s/it]
 68%|██████████████████████████████████████████████████████████████████████████████████████████████████████████████▊                                                    | 17/25 [2:05:33<58:03, 435.48s/it]
 72%|█████████████████████████████████████████████████████████████████████████████████████████████████████████████████████▎                                             | 18/25 [2:11:22<47:47, 409.63s/it]
 76%|███████████████████████████████████████████████████████████████████████████████████████████████████████████████████████████▉                                       | 19/25 [2:19:21<43:02, 430.45s/it]
 80%|██████████████████████████████████████████████████████████████████████████████████████████████████████████████████████████████████▍                                | 20/25 [2:26:45<36:13, 434.66s/it]
 84%|████████████████████████████████████████████████████████████████████████████████████████████████████████████████████████████████████████▉                          | 21/25 [2:32:15<26:52, 403.08s/it]
 88%|███████████████████████████████████████████████████████████████████████████████████████████████████████████████████████████████████████████████▍                   | 22/25 [2:39:11<20:21, 407.13s/it]
 92%|█████████████████████████████████████████████████████████████████████████████████████████████████████████████████████████████████████████████████████▉             | 23/25 [2:45:12<13:06, 393.11s/it]
 96%|████████████████████████████████████████████████████████████████████████████████████████████████████████████████████████████████████████████████████████████▍      | 24/25 [2:50:36<06:12, 372.56s/it]
100%|███████████████████████████████████████████████████████████████████████████████████████████████████████████████████████████████████████████████████████████████████| 25/25 [2:57:50<00:00, 390.84s/it]
100%|███████████████████████████████████████████████████████████████████████████████████████████████████████████████████████████████████████████████████████████████████| 25/25 [2:57:50<00:00, 426.82s/it]
Elapsed Time:	 2:57:52.412960
