================================================== 	 1 of 64 ( 0.0 %)	 ==================================================
2021-01-24 18:08:00.840754
PAPER EXPERIMENTS
Tech:               TF
Feature Selection:  False
Cross Validation:   False
Remove Outliers:    False
Include Attributes: False
Include N-Grams:    False
Reduce Models:      False
After FS:           False
Remove outlier_both False
K Feature Select:   500

Processed documents: 1062
No proc w/ compensation > 0: 940
TF BOW Document Vector
Features:  16904
Total documents: 940

  0%|                                                                                                                                                                               | 0/25 [00:00<?, ?it/s]
  4%|██████▌                                                                                                                                                             | 1/25 [14:54<5:57:36, 894.02s/it]
  8%|█████████████                                                                                                                                                       | 2/25 [30:34<5:48:04, 908.00s/it]
 12%|███████████████████▋                                                                                                                                                | 3/25 [42:37<5:12:36, 852.56s/it]
 16%|██████████████████████████▏                                                                                                                                         | 4/25 [55:12<4:48:07, 823.20s/it]
 20%|████████████████████████████████▍                                                                                                                                 | 5/25 [1:06:22<4:19:05, 777.29s/it]
 24%|██████████████████████████████████████▉                                                                                                                           | 6/25 [1:20:27<4:12:35, 797.64s/it]
 28%|█████████████████████████████████████████████▎                                                                                                                    | 7/25 [1:35:16<4:07:31, 825.08s/it]
 32%|███████████████████████████████████████████████████▊                                                                                                              | 8/25 [1:48:41<3:51:59, 818.82s/it]
 36%|██████████████████████████████████████████████████████████▎                                                                                                       | 9/25 [2:00:53<3:31:23, 792.75s/it]
 40%|████████████████████████████████████████████████████████████████▍                                                                                                | 10/25 [2:14:18<3:19:08, 796.57s/it]
 44%|██████████████████████████████████████████████████████████████████████▊                                                                                          | 11/25 [2:28:38<3:10:19, 815.68s/it]
 48%|█████████████████████████████████████████████████████████████████████████████▎                                                                                   | 12/25 [2:41:40<2:54:31, 805.49s/it]
 52%|███████████████████████████████████████████████████████████████████████████████████▋                                                                             | 13/25 [2:54:57<2:40:35, 802.98s/it]
 56%|██████████████████████████████████████████████████████████████████████████████████████████▏                                                                      | 14/25 [3:10:49<2:35:23, 847.57s/it]
 60%|████████████████████████████████████████████████████████████████████████████████████████████████▌                                                                | 15/25 [3:21:47<2:11:47, 790.80s/it]
 64%|███████████████████████████████████████████████████████████████████████████████████████████████████████                                                          | 16/25 [3:34:34<1:57:31, 783.51s/it]
 68%|█████████████████████████████████████████████████████████████████████████████████████████████████████████████▍                                                   | 17/25 [3:46:27<1:41:40, 762.51s/it]
 72%|███████████████████████████████████████████████████████████████████████████████████████████████████████████████████▉                                             | 18/25 [3:57:59<1:26:30, 741.45s/it]
 76%|██████████████████████████████████████████████████████████████████████████████████████████████████████████████████████████▎                                      | 19/25 [4:08:06<1:10:05, 700.89s/it]
 80%|████████████████████████████████████████████████████████████████████████████████████████████████████████████████████████████████▊                                | 20/25 [4:20:52<1:00:02, 720.55s/it]
 84%|████████████████████████████████████████████████████████████████████████████████████████████████████████████████████████████████████████▉                          | 21/25 [4:37:22<53:25, 801.38s/it]
 88%|███████████████████████████████████████████████████████████████████████████████████████████████████████████████████████████████████████████████▍                   | 22/25 [4:49:12<38:41, 773.96s/it]
 92%|█████████████████████████████████████████████████████████████████████████████████████████████████████████████████████████████████████████████████████▉             | 23/25 [5:00:53<25:03, 751.93s/it]
 96%|████████████████████████████████████████████████████████████████████████████████████████████████████████████████████████████████████████████████████████████▍      | 24/25 [5:18:19<14:00, 840.36s/it]
100%|███████████████████████████████████████████████████████████████████████████████████████████████████████████████████████████████████████████████████████████████████| 25/25 [5:31:59<00:00, 834.27s/it]
100%|███████████████████████████████████████████████████████████████████████████████████████████████████████████████████████████████████████████████████████████████████| 25/25 [5:31:59<00:00, 796.79s/it]
Elapsed Time:	 5:32:01.606424

