================================================== 	 1 of 96 ( 0.0 %)	 ==================================================
2021-01-11 14:32:19.910790
PAPER EXPERIMENTS
Tech:               TF
Feature Selection:  True
Cross Validation:   True
Remove Outliers:    True
Include Attributes: True
Include N-Grams:    True
Reduce Models:      True
After FS:           False
Remove outlier_both False
K Feature Select:   500

Processed documents: 1062
No proc w/ compensation > 0: 940
TF BOW Document Vector
Features:  25000
Total documents: 940
k =  500
Feature Selection....

  0%|                                                                                                                                                                               | 0/25 [00:00<?, ?it/s]No Docs (OR1): 676

  4%|██████▋                                                                                                                                                               | 1/25 [02:13<53:33, 133.88s/it]
  8%|█████████████▎                                                                                                                                                        | 2/25 [04:24<50:55, 132.85s/it]
 12%|███████████████████▉                                                                                                                                                  | 3/25 [06:33<48:18, 131.75s/it]
 16%|██████████████████████████▌                                                                                                                                           | 4/25 [08:44<46:02, 131.57s/it]
 20%|█████████████████████████████████▏                                                                                                                                    | 5/25 [10:54<43:38, 130.93s/it]
 24%|███████████████████████████████████████▊                                                                                                                              | 6/25 [13:04<41:24, 130.75s/it]
 28%|██████████████████████████████████████████████▍                                                                                                                       | 7/25 [15:16<39:22, 131.25s/it]
 32%|█████████████████████████████████████████████████████                                                                                                                 | 8/25 [17:20<36:30, 128.84s/it]
 36%|███████████████████████████████████████████████████████████▊                                                                                                          | 9/25 [19:31<34:35, 129.73s/it]
 40%|██████████████████████████████████████████████████████████████████                                                                                                   | 10/25 [21:33<31:49, 127.30s/it]
 44%|████████████████████████████████████████████████████████████████████████▌                                                                                            | 11/25 [23:44<29:55, 128.26s/it]
 48%|███████████████████████████████████████████████████████████████████████████████▏                                                                                     | 12/25 [25:58<28:11, 130.15s/it]
 52%|█████████████████████████████████████████████████████████████████████████████████████▊                                                                               | 13/25 [28:13<26:18, 131.50s/it]
 56%|████████████████████████████████████████████████████████████████████████████████████████████▍                                                                        | 14/25 [30:25<24:07, 131.62s/it]
 60%|███████████████████████████████████████████████████████████████████████████████████████████████████                                                                  | 15/25 [32:36<21:55, 131.56s/it]
 64%|█████████████████████████████████████████████████████████████████████████████████████████████████████████▌                                                           | 16/25 [34:34<19:07, 127.47s/it]
 68%|████████████████████████████████████████████████████████████████████████████████████████████████████████████████▏                                                    | 17/25 [36:37<16:49, 126.21s/it]
 72%|██████████████████████████████████████████████████████████████████████████████████████████████████████████████████████▊                                              | 18/25 [38:50<14:57, 128.21s/it]
 76%|█████████████████████████████████████████████████████████████████████████████████████████████████████████████████████████████▍                                       | 19/25 [40:58<12:47, 127.99s/it]
 80%|████████████████████████████████████████████████████████████████████████████████████████████████████████████████████████████████████                                 | 20/25 [43:12<10:50, 130.06s/it]
 84%|██████████████████████████████████████████████████████████████████████████████████████████████████████████████████████████████████████████▌                          | 21/25 [45:18<08:34, 128.58s/it]
 88%|█████████████████████████████████████████████████████████████████████████████████████████████████████████████████████████████████████████████████▏                   | 22/25 [47:23<06:22, 127.61s/it]
 92%|███████████████████████████████████████████████████████████████████████████████████████████████████████████████████████████████████████████████████████▊             | 23/25 [49:37<04:19, 129.50s/it]
 96%|██████████████████████████████████████████████████████████████████████████████████████████████████████████████████████████████████████████████████████████████▍      | 24/25 [51:50<02:10, 130.56s/it]
100%|█████████████████████████████████████████████████████████████████████████████████████████████████████████████████████████████████████████████████████████████████████| 25/25 [54:00<00:00, 130.53s/it]
100%|█████████████████████████████████████████████████████████████████████████████████████████████████████████████████████████████████████████████████████████████████████| 25/25 [54:00<00:00, 129.63s/it]
Elapsed Time:	 0:57:11.088471
====================
================================================== 	 2 of 96 ( 1.0 %)	 ==================================================
2021-01-11 15:49:32.032382
PAPER EXPERIMENTS
Tech:               TF
Feature Selection:  True
Cross Validation:   True
Remove Outliers:    True
Include Attributes: True
Include N-Grams:    False
Reduce Models:      True
After FS:           False
Remove outlier_both False
K Feature Select:   500

Processed documents: 1062
No proc w/ compensation > 0: 940
TF BOW Document Vector
Features:  16904
Total documents: 940
k =  500
Feature Selection....

  0%|                                                                                                                                                                               | 0/25 [00:00<?, ?it/s]No Docs (OR1): 676

  4%|██████▋                                                                                                                                                               | 1/25 [01:51<44:39, 111.66s/it]
  8%|█████████████▎                                                                                                                                                        | 2/25 [03:46<43:12, 112.72s/it]
 12%|███████████████████▉                                                                                                                                                  | 3/25 [05:44<41:50, 114.10s/it]
 16%|██████████████████████████▌                                                                                                                                           | 4/25 [07:43<40:28, 115.64s/it]
 20%|█████████████████████████████████▏                                                                                                                                    | 5/25 [09:44<39:04, 117.22s/it]
 24%|███████████████████████████████████████▊                                                                                                                              | 6/25 [11:46<37:37, 118.82s/it]
 28%|██████████████████████████████████████████████▍                                                                                                                       | 7/25 [13:49<36:01, 120.09s/it]
 32%|█████████████████████████████████████████████████████                                                                                                                 | 8/25 [15:34<32:44, 115.56s/it]
 36%|███████████████████████████████████████████████████████████▊                                                                                                          | 9/25 [17:33<31:04, 116.54s/it]
 40%|██████████████████████████████████████████████████████████████████                                                                                                   | 10/25 [19:35<29:30, 118.01s/it]
 44%|████████████████████████████████████████████████████████████████████████▌                                                                                            | 11/25 [21:19<26:34, 113.88s/it]
 48%|███████████████████████████████████████████████████████████████████████████████▏                                                                                     | 12/25 [23:03<24:03, 111.07s/it]
 52%|█████████████████████████████████████████████████████████████████████████████████████▊                                                                               | 13/25 [24:49<21:52, 109.40s/it]
 56%|████████████████████████████████████████████████████████████████████████████████████████████▍                                                                        | 14/25 [26:54<20:54, 114.02s/it]
 60%|███████████████████████████████████████████████████████████████████████████████████████████████████                                                                  | 15/25 [28:52<19:11, 115.15s/it]
 64%|█████████████████████████████████████████████████████████████████████████████████████████████████████████▌                                                           | 16/25 [30:56<17:41, 117.97s/it]
 68%|████████████████████████████████████████████████████████████████████████████████████████████████████████████████▏                                                    | 17/25 [32:51<15:37, 117.18s/it]
 72%|██████████████████████████████████████████████████████████████████████████████████████████████████████████████████████▊                                              | 18/25 [34:55<13:54, 119.19s/it]
 76%|█████████████████████████████████████████████████████████████████████████████████████████████████████████████████████████████▍                                       | 19/25 [36:48<11:42, 117.12s/it]
 80%|████████████████████████████████████████████████████████████████████████████████████████████████████████████████████████████████████                                 | 20/25 [38:42<09:41, 116.37s/it]
 84%|██████████████████████████████████████████████████████████████████████████████████████████████████████████████████████████████████████████▌                          | 21/25 [40:36<07:42, 115.51s/it]
 88%|█████████████████████████████████████████████████████████████████████████████████████████████████████████████████████████████████████████████████▏                   | 22/25 [42:36<05:50, 116.90s/it]
 92%|███████████████████████████████████████████████████████████████████████████████████████████████████████████████████████████████████████████████████████▊             | 23/25 [44:31<03:52, 116.47s/it]
 96%|██████████████████████████████████████████████████████████████████████████████████████████████████████████████████████████████████████████████████████████████▍      | 24/25 [46:18<01:53, 113.58s/it]
100%|█████████████████████████████████████████████████████████████████████████████████████████████████████████████████████████████████████████████████████████████████████| 25/25 [48:11<00:00, 113.46s/it]
100%|█████████████████████████████████████████████████████████████████████████████████████████████████████████████████████████████████████████████████████████████████████| 25/25 [48:11<00:00, 115.67s/it]
Elapsed Time:	 0:50:22.705126
====================
================================================== 	 3 of 96 ( 2.1 %)	 ==================================================
2021-01-11 16:59:55.581264
PAPER EXPERIMENTS
Tech:               TF
Feature Selection:  True
Cross Validation:   False
Remove Outliers:    True
Include Attributes: True
Include N-Grams:    True
Reduce Models:      True
After FS:           False
Remove outlier_both False
K Feature Select:   500

Processed documents: 1062
No proc w/ compensation > 0: 940
TF BOW Document Vector
Features:  25000
Total documents: 940
k =  500
Feature Selection....

  0%|                                                                                                                                                                               | 0/25 [00:00<?, ?it/s]No Docs (OR1): 676

  4%|██████▋                                                                                                                                                                | 1/25 [00:26<10:25, 26.07s/it]
  8%|█████████████▎                                                                                                                                                         | 2/25 [00:52<10:03, 26.26s/it]
 12%|████████████████████                                                                                                                                                   | 3/25 [01:16<09:23, 25.60s/it]
 16%|██████████████████████████▋                                                                                                                                            | 4/25 [01:43<09:05, 25.98s/it]
 20%|█████████████████████████████████▍                                                                                                                                     | 5/25 [02:11<08:49, 26.48s/it]
 24%|████████████████████████████████████████                                                                                                                               | 6/25 [02:38<08:29, 26.83s/it]
 28%|██████████████████████████████████████████████▊                                                                                                                        | 7/25 [03:04<07:57, 26.52s/it]
 32%|█████████████████████████████████████████████████████▍                                                                                                                 | 8/25 [03:27<07:12, 25.41s/it]
 36%|████████████████████████████████████████████████████████████                                                                                                           | 9/25 [03:54<06:54, 25.88s/it]
 40%|██████████████████████████████████████████████████████████████████▍                                                                                                   | 10/25 [04:22<06:35, 26.36s/it]
 44%|█████████████████████████████████████████████████████████████████████████                                                                                             | 11/25 [04:49<06:13, 26.68s/it]
 48%|███████████████████████████████████████████████████████████████████████████████▋                                                                                      | 12/25 [05:13<05:36, 25.91s/it]
 52%|██████████████████████████████████████████████████████████████████████████████████████▎                                                                               | 13/25 [05:35<04:56, 24.70s/it]
 56%|████████████████████████████████████████████████████████████████████████████████████████████▉                                                                         | 14/25 [06:03<04:42, 25.64s/it]
 60%|███████████████████████████████████████████████████████████████████████████████████████████████████▌                                                                  | 15/25 [06:25<04:05, 24.51s/it]
 64%|██████████████████████████████████████████████████████████████████████████████████████████████████████████▏                                                           | 16/25 [06:51<03:46, 25.13s/it]
 68%|████████████████████████████████████████████████████████████████████████████████████████████████████████████████▉                                                     | 17/25 [07:10<03:06, 23.34s/it]
 72%|███████████████████████████████████████████████████████████████████████████████████████████████████████████████████████▌                                              | 18/25 [07:38<02:52, 24.67s/it]
 76%|██████████████████████████████████████████████████████████████████████████████████████████████████████████████████████████████▏                                       | 19/25 [08:02<02:26, 24.38s/it]
 80%|████████████████████████████████████████████████████████████████████████████████████████████████████████████████████████████████████▊                                 | 20/25 [08:21<01:54, 22.80s/it]
 84%|███████████████████████████████████████████████████████████████████████████████████████████████████████████████████████████████████████████▍                          | 21/25 [08:47<01:34, 23.73s/it]
 88%|██████████████████████████████████████████████████████████████████████████████████████████████████████████████████████████████████████████████████                    | 22/25 [09:12<01:12, 24.28s/it]
 92%|████████████████████████████████████████████████████████████████████████████████████████████████████████████████████████████████████████████████████████▋             | 23/25 [09:37<00:48, 24.34s/it]
 96%|███████████████████████████████████████████████████████████████████████████████████████████████████████████████████████████████████████████████████████████████▎      | 24/25 [10:04<00:25, 25.22s/it]
100%|██████████████████████████████████████████████████████████████████████████████████████████████████████████████████████████████████████████████████████████████████████| 25/25 [10:30<00:00, 25.26s/it]
100%|██████████████████████████████████████████████████████████████████████████████████████████████████████████████████████████████████████████████████████████████████████| 25/25 [10:30<00:00, 25.20s/it]
Elapsed Time:	 0:13:44.701805
====================
================================================== 	 4 of 96 ( 3.1 %)	 ==================================================
2021-01-11 17:33:40.984371
PAPER EXPERIMENTS
Tech:               TF
Feature Selection:  True
Cross Validation:   False
Remove Outliers:    True
Include Attributes: True
Include N-Grams:    False
Reduce Models:      True
After FS:           False
Remove outlier_both False
K Feature Select:   500

Processed documents: 1062
No proc w/ compensation > 0: 940
TF BOW Document Vector
Features:  16904
Total documents: 940
k =  500
Feature Selection....

  0%|                                                                                                                                                                               | 0/25 [00:00<?, ?it/s]No Docs (OR1): 676

  4%|██████▋                                                                                                                                                                | 1/25 [00:25<10:02, 25.11s/it]
  8%|█████████████▎                                                                                                                                                         | 2/25 [00:52<09:52, 25.75s/it]
 12%|████████████████████                                                                                                                                                   | 3/25 [01:19<09:37, 26.23s/it]
 16%|██████████████████████████▋                                                                                                                                            | 4/25 [01:43<08:56, 25.56s/it]
 20%|█████████████████████████████████▍                                                                                                                                     | 5/25 [02:01<07:42, 23.14s/it]
 24%|████████████████████████████████████████                                                                                                                               | 6/25 [02:29<07:46, 24.57s/it]
 28%|██████████████████████████████████████████████▊                                                                                                                        | 7/25 [02:47<06:49, 22.77s/it]
 32%|█████████████████████████████████████████████████████▍                                                                                                                 | 8/25 [03:15<06:53, 24.32s/it]
 36%|████████████████████████████████████████████████████████████                                                                                                           | 9/25 [03:36<06:14, 23.39s/it]
 40%|██████████████████████████████████████████████████████████████████▍                                                                                                   | 10/25 [03:53<05:19, 21.30s/it]
 44%|█████████████████████████████████████████████████████████████████████████                                                                                             | 11/25 [04:04<04:13, 18.14s/it]
 48%|███████████████████████████████████████████████████████████████████████████████▋                                                                                      | 12/25 [04:26<04:12, 19.40s/it]
 52%|██████████████████████████████████████████████████████████████████████████████████████▎                                                                               | 13/25 [04:51<04:14, 21.18s/it]
 56%|████████████████████████████████████████████████████████████████████████████████████████████▉                                                                         | 14/25 [05:12<03:53, 21.18s/it]
 60%|███████████████████████████████████████████████████████████████████████████████████████████████████▌                                                                  | 15/25 [05:36<03:39, 21.93s/it]
 64%|██████████████████████████████████████████████████████████████████████████████████████████████████████████▏                                                           | 16/25 [05:56<03:11, 21.28s/it]
 68%|████████████████████████████████████████████████████████████████████████████████████████████████████████████████▉                                                     | 17/25 [06:23<03:05, 23.16s/it]
 72%|███████████████████████████████████████████████████████████████████████████████████████████████████████████████████████▌                                              | 18/25 [06:46<02:41, 23.02s/it]
 76%|██████████████████████████████████████████████████████████████████████████████████████████████████████████████████████████████▏                                       | 19/25 [07:12<02:24, 24.00s/it]
 80%|████████████████████████████████████████████████████████████████████████████████████████████████████████████████████████████████████▊                                 | 20/25 [07:34<01:56, 23.37s/it]
 84%|███████████████████████████████████████████████████████████████████████████████████████████████████████████████████████████████████████████▍                          | 21/25 [07:56<01:32, 23.01s/it]
 88%|██████████████████████████████████████████████████████████████████████████████████████████████████████████████████████████████████████████████████                    | 22/25 [08:15<01:05, 21.82s/it]
 92%|████████████████████████████████████████████████████████████████████████████████████████████████████████████████████████████████████████████████████████▋             | 23/25 [08:28<00:37, 18.99s/it]
 96%|███████████████████████████████████████████████████████████████████████████████████████████████████████████████████████████████████████████████████████████████▎      | 24/25 [08:43<00:17, 17.99s/it]
100%|██████████████████████████████████████████████████████████████████████████████████████████████████████████████████████████████████████████████████████████████████████| 25/25 [09:11<00:00, 20.94s/it]
100%|██████████████████████████████████████████████████████████████████████████████████████████████████████████████████████████████████████████████████████████████████████| 25/25 [09:11<00:00, 22.07s/it]
Elapsed Time:	 0:11:23.418407
====================
================================================== 	 5 of 96 ( 4.2 %)	 ==================================================
2021-01-11 18:05:05.373644
PAPER EXPERIMENTS
Tech:               TF
Feature Selection:  True
Cross Validation:   True
Remove Outliers:    True
Include Attributes: False
Include N-Grams:    True
Reduce Models:      True
After FS:           False
Remove outlier_both False
K Feature Select:   500

Processed documents: 1062
No proc w/ compensation > 0: 940
TF BOW Document Vector
Features:  25000
Total documents: 940
k =  500
Feature Selection....

  0%|                                                                                                                                                                               | 0/25 [00:00<?, ?it/s]No Docs (OR1): 676

  4%|██████▋                                                                                                                                                                | 1/25 [01:21<32:33, 81.40s/it]
  8%|█████████████▎                                                                                                                                                         | 2/25 [02:54<32:30, 84.81s/it]
 12%|████████████████████                                                                                                                                                   | 3/25 [04:18<31:00, 84.56s/it]
 16%|██████████████████████████▋                                                                                                                                            | 4/25 [05:53<30:46, 87.94s/it]
 20%|█████████████████████████████████▍                                                                                                                                     | 5/25 [07:29<30:06, 90.33s/it]
 24%|████████████████████████████████████████                                                                                                                               | 6/25 [09:03<28:56, 91.41s/it]
 28%|██████████████████████████████████████████████▊                                                                                                                        | 7/25 [10:26<26:36, 88.70s/it]
 32%|█████████████████████████████████████████████████████▍                                                                                                                 | 8/25 [11:55<25:08, 88.76s/it]
 36%|████████████████████████████████████████████████████████████                                                                                                           | 9/25 [13:17<23:12, 87.01s/it]
 40%|██████████████████████████████████████████████████████████████████▍                                                                                                   | 10/25 [14:37<21:13, 84.88s/it]
 44%|█████████████████████████████████████████████████████████████████████████                                                                                             | 11/25 [15:57<19:27, 83.38s/it]
 48%|███████████████████████████████████████████████████████████████████████████████▋                                                                                      | 12/25 [17:16<17:47, 82.10s/it]
 52%|██████████████████████████████████████████████████████████████████████████████████████▎                                                                               | 13/25 [18:45<16:49, 84.16s/it]
 56%|████████████████████████████████████████████████████████████████████████████████████████████▉                                                                         | 14/25 [20:29<16:29, 89.96s/it]
 60%|███████████████████████████████████████████████████████████████████████████████████████████████████▌                                                                  | 15/25 [21:51<14:35, 87.54s/it]
 64%|██████████████████████████████████████████████████████████████████████████████████████████████████████████▏                                                           | 16/25 [23:22<13:18, 88.69s/it]
 68%|████████████████████████████████████████████████████████████████████████████████████████████████████████████████▉                                                     | 17/25 [25:01<12:14, 91.78s/it]
 72%|███████████████████████████████████████████████████████████████████████████████████████████████████████████████████████▌                                              | 18/25 [26:33<10:43, 91.92s/it]
 76%|██████████████████████████████████████████████████████████████████████████████████████████████████████████████████████████████▏                                       | 19/25 [27:50<08:43, 87.23s/it]
 80%|████████████████████████████████████████████████████████████████████████████████████████████████████████████████████████████████████▊                                 | 20/25 [29:04<06:56, 83.31s/it]
 84%|███████████████████████████████████████████████████████████████████████████████████████████████████████████████████████████████████████████▍                          | 21/25 [30:31<05:38, 84.51s/it]
 88%|██████████████████████████████████████████████████████████████████████████████████████████████████████████████████████████████████████████████████                    | 22/25 [31:52<04:10, 83.51s/it]
 92%|████████████████████████████████████████████████████████████████████████████████████████████████████████████████████████████████████████████████████████▋             | 23/25 [33:21<02:50, 85.09s/it]
 96%|███████████████████████████████████████████████████████████████████████████████████████████████████████████████████████████████████████████████████████████████▎      | 24/25 [34:42<01:23, 83.70s/it]
100%|██████████████████████████████████████████████████████████████████████████████████████████████████████████████████████████████████████████████████████████████████████| 25/25 [36:07<00:00, 84.31s/it]
100%|██████████████████████████████████████████████████████████████████████████████████████████████████████████████████████████████████████████████████████████████████████| 25/25 [36:07<00:00, 86.71s/it]
Elapsed Time:	 0:39:21.530503
====================
================================================== 	 6 of 96 ( 5.2 %)	 ==================================================
2021-01-11 19:04:27.884231
PAPER EXPERIMENTS
Tech:               TF
Feature Selection:  True
Cross Validation:   True
Remove Outliers:    True
Include Attributes: False
Include N-Grams:    False
Reduce Models:      True
After FS:           False
Remove outlier_both False
K Feature Select:   500

Processed documents: 1062
No proc w/ compensation > 0: 940
TF BOW Document Vector
Features:  16904
Total documents: 940
k =  500
Feature Selection....

  0%|                                                                                                                                                                               | 0/25 [00:00<?, ?it/s]No Docs (OR1): 676

  4%|██████▋                                                                                                                                                                | 1/25 [01:21<32:44, 81.85s/it]
  8%|█████████████▎                                                                                                                                                         | 2/25 [02:31<29:59, 78.26s/it]
 12%|████████████████████                                                                                                                                                   | 3/25 [03:43<28:01, 76.43s/it]
 16%|██████████████████████████▋                                                                                                                                            | 4/25 [04:57<26:27, 75.58s/it]
 20%|█████████████████████████████████▍                                                                                                                                     | 5/25 [06:07<24:39, 74.00s/it]
 24%|████████████████████████████████████████                                                                                                                               | 6/25 [07:17<23:03, 72.83s/it]
 28%|██████████████████████████████████████████████▊                                                                                                                        | 7/25 [08:30<21:48, 72.71s/it]
 32%|█████████████████████████████████████████████████████▍                                                                                                                 | 8/25 [09:47<20:58, 74.02s/it]
 36%|████████████████████████████████████████████████████████████                                                                                                           | 9/25 [10:58<19:29, 73.08s/it]
 40%|██████████████████████████████████████████████████████████████████▍                                                                                                   | 10/25 [12:12<18:22, 73.53s/it]
 44%|█████████████████████████████████████████████████████████████████████████                                                                                             | 11/25 [13:17<16:33, 70.96s/it]
 48%|███████████████████████████████████████████████████████████████████████████████▋                                                                                      | 12/25 [14:24<15:06, 69.72s/it]
 52%|██████████████████████████████████████████████████████████████████████████████████████▎                                                                               | 13/25 [15:37<14:07, 70.59s/it]
 56%|████████████████████████████████████████████████████████████████████████████████████████████▉                                                                         | 14/25 [16:52<13:10, 71.83s/it]
 60%|███████████████████████████████████████████████████████████████████████████████████████████████████▌                                                                  | 15/25 [18:09<12:15, 73.51s/it]
 64%|██████████████████████████████████████████████████████████████████████████████████████████████████████████▏                                                           | 16/25 [19:23<11:02, 73.58s/it]
 68%|████████████████████████████████████████████████████████████████████████████████████████████████████████████████▉                                                     | 17/25 [20:33<09:39, 72.47s/it]
 72%|███████████████████████████████████████████████████████████████████████████████████████████████████████████████████████▌                                              | 18/25 [21:42<08:20, 71.53s/it]
 76%|██████████████████████████████████████████████████████████████████████████████████████████████████████████████████████████████▏                                       | 19/25 [22:49<07:01, 70.32s/it]
 80%|████████████████████████████████████████████████████████████████████████████████████████████████████████████████████████████████████▊                                 | 20/25 [23:57<05:47, 69.54s/it]
 84%|███████████████████████████████████████████████████████████████████████████████████████████████████████████████████████████████████████████▍                          | 21/25 [25:06<04:37, 69.35s/it]
 88%|██████████████████████████████████████████████████████████████████████████████████████████████████████████████████████████████████████████████████                    | 22/25 [26:16<03:28, 69.61s/it]
 92%|████████████████████████████████████████████████████████████████████████████████████████████████████████████████████████████████████████████████████████▋             | 23/25 [27:28<02:20, 70.38s/it]
 96%|███████████████████████████████████████████████████████████████████████████████████████████████████████████████████████████████████████████████████████████████▎      | 24/25 [28:43<01:11, 71.72s/it]
100%|██████████████████████████████████████████████████████████████████████████████████████████████████████████████████████████████████████████████████████████████████████| 25/25 [29:56<00:00, 71.97s/it]
100%|██████████████████████████████████████████████████████████████████████████████████████████████████████████████████████████████████████████████████████████████████████| 25/25 [29:56<00:00, 71.85s/it]
Elapsed Time:	 0:32:06.944274
====================
================================================== 	 7 of 96 ( 6.2 %)	 ==================================================
2021-01-11 19:56:35.837073
PAPER EXPERIMENTS
Tech:               TF
Feature Selection:  True
Cross Validation:   False
Remove Outliers:    True
Include Attributes: False
Include N-Grams:    True
Reduce Models:      True
After FS:           False
Remove outlier_both False
K Feature Select:   500

Processed documents: 1062
No proc w/ compensation > 0: 940
TF BOW Document Vector
Features:  25000
Total documents: 940
k =  500
Feature Selection....

  0%|                                                                                                                                                                               | 0/25 [00:00<?, ?it/s]No Docs (OR1): 676

  4%|██████▋                                                                                                                                                                | 1/25 [00:14<05:45, 14.38s/it]
  8%|█████████████▎                                                                                                                                                         | 2/25 [00:34<06:08, 16.04s/it]
 12%|████████████████████                                                                                                                                                   | 3/25 [00:52<06:04, 16.56s/it]
 16%|██████████████████████████▋                                                                                                                                            | 4/25 [01:08<05:45, 16.45s/it]
 20%|█████████████████████████████████▍                                                                                                                                     | 5/25 [01:24<05:27, 16.37s/it]
 24%|████████████████████████████████████████                                                                                                                               | 6/25 [01:39<05:02, 15.93s/it]
 28%|██████████████████████████████████████████████▊                                                                                                                        | 7/25 [01:59<05:10, 17.23s/it]
 32%|█████████████████████████████████████████████████████▍                                                                                                                 | 8/25 [02:12<04:31, 15.97s/it]
 36%|████████████████████████████████████████████████████████████                                                                                                           | 9/25 [02:27<04:09, 15.57s/it]
 40%|██████████████████████████████████████████████████████████████████▍                                                                                                   | 10/25 [02:41<03:48, 15.23s/it]
 44%|█████████████████████████████████████████████████████████████████████████                                                                                             | 11/25 [02:57<03:34, 15.31s/it]
 48%|███████████████████████████████████████████████████████████████████████████████▋                                                                                      | 12/25 [03:10<03:12, 14.82s/it]
 52%|██████████████████████████████████████████████████████████████████████████████████████▎                                                                               | 13/25 [03:29<03:11, 15.95s/it]
 56%|████████████████████████████████████████████████████████████████████████████████████████████▉                                                                         | 14/25 [03:46<02:58, 16.23s/it]
 60%|███████████████████████████████████████████████████████████████████████████████████████████████████▌                                                                  | 15/25 [04:01<02:39, 15.92s/it]
 64%|██████████████████████████████████████████████████████████████████████████████████████████████████████████▏                                                           | 16/25 [04:19<02:29, 16.58s/it]
 68%|████████████████████████████████████████████████████████████████████████████████████████████████████████████████▉                                                     | 17/25 [04:33<02:06, 15.76s/it]
 72%|███████████████████████████████████████████████████████████████████████████████████████████████████████████████████████▌                                              | 18/25 [04:48<01:48, 15.55s/it]
 76%|██████████████████████████████████████████████████████████████████████████████████████████████████████████████████████████████▏                                       | 19/25 [05:01<01:28, 14.78s/it]
 80%|████████████████████████████████████████████████████████████████████████████████████████████████████████████████████████████████████▊                                 | 20/25 [05:16<01:14, 14.91s/it]
 84%|███████████████████████████████████████████████████████████████████████████████████████████████████████████████████████████████████████████▍                          | 21/25 [05:32<01:01, 15.29s/it]
 88%|██████████████████████████████████████████████████████████████████████████████████████████████████████████████████████████████████████████████████                    | 22/25 [05:46<00:44, 14.85s/it]
 92%|████████████████████████████████████████████████████████████████████████████████████████████████████████████████████████████████████████████████████████▋             | 23/25 [06:03<00:30, 15.36s/it]
 96%|███████████████████████████████████████████████████████████████████████████████████████████████████████████████████████████████████████████████████████████████▎      | 24/25 [06:25<00:17, 17.54s/it]
100%|██████████████████████████████████████████████████████████████████████████████████████████████████████████████████████████████████████████████████████████████████████| 25/25 [06:42<00:00, 17.38s/it]
100%|██████████████████████████████████████████████████████████████████████████████████████████████████████████████████████████████████████████████████████████████████████| 25/25 [06:42<00:00, 16.12s/it]
Elapsed Time:	 0:09:55.690417
====================
================================================== 	 8 of 96 ( 7.3 %)	 ==================================================
2021-01-11 20:26:32.518393
PAPER EXPERIMENTS
Tech:               TF
Feature Selection:  True
Cross Validation:   False
Remove Outliers:    True
Include Attributes: False
Include N-Grams:    False
Reduce Models:      True
After FS:           False
Remove outlier_both False
K Feature Select:   500

Processed documents: 1062
No proc w/ compensation > 0: 940
TF BOW Document Vector
Features:  16904
Total documents: 940
k =  500
Feature Selection....

  0%|                                                                                                                                                                               | 0/25 [00:00<?, ?it/s]No Docs (OR1): 676

  4%|██████▋                                                                                                                                                                | 1/25 [00:14<05:50, 14.62s/it]
  8%|█████████████▎                                                                                                                                                         | 2/25 [00:26<05:16, 13.77s/it]
 12%|████████████████████                                                                                                                                                   | 3/25 [00:43<05:22, 14.66s/it]
 16%|██████████████████████████▋                                                                                                                                            | 4/25 [00:55<04:53, 13.99s/it]
 20%|█████████████████████████████████▍                                                                                                                                     | 5/25 [01:06<04:23, 13.19s/it]
 24%|████████████████████████████████████████                                                                                                                               | 6/25 [01:23<04:28, 14.11s/it]
 28%|██████████████████████████████████████████████▊                                                                                                                        | 7/25 [01:38<04:21, 14.55s/it]
 32%|█████████████████████████████████████████████████████▍                                                                                                                 | 8/25 [01:54<04:13, 14.90s/it]
 36%|████████████████████████████████████████████████████████████                                                                                                           | 9/25 [02:05<03:41, 13.86s/it]
 40%|██████████████████████████████████████████████████████████████████▍                                                                                                   | 10/25 [02:19<03:26, 13.75s/it]
 44%|█████████████████████████████████████████████████████████████████████████                                                                                             | 11/25 [02:32<03:09, 13.53s/it]
 48%|███████████████████████████████████████████████████████████████████████████████▋                                                                                      | 12/25 [02:48<03:04, 14.19s/it]
 52%|██████████████████████████████████████████████████████████████████████████████████████▎                                                                               | 13/25 [03:00<02:43, 13.65s/it]
 56%|████████████████████████████████████████████████████████████████████████████████████████████▉                                                                         | 14/25 [03:13<02:27, 13.38s/it]
 60%|███████████████████████████████████████████████████████████████████████████████████████████████████▌                                                                  | 15/25 [03:26<02:12, 13.27s/it]
 64%|██████████████████████████████████████████████████████████████████████████████████████████████████████████▏                                                           | 16/25 [03:38<01:56, 12.90s/it]
 68%|████████████████████████████████████████████████████████████████████████████████████████████████████████████████▉                                                     | 17/25 [03:52<01:45, 13.22s/it]
 72%|███████████████████████████████████████████████████████████████████████████████████████████████████████████████████████▌                                              | 18/25 [04:05<01:31, 13.08s/it]
 76%|██████████████████████████████████████████████████████████████████████████████████████████████████████████████████████████████▏                                       | 19/25 [04:20<01:23, 13.94s/it]
 80%|████████████████████████████████████████████████████████████████████████████████████████████████████████████████████████████████████▊                                 | 20/25 [04:33<01:07, 13.44s/it]
 84%|███████████████████████████████████████████████████████████████████████████████████████████████████████████████████████████████████████████▍                          | 21/25 [04:48<00:56, 14.06s/it]
 88%|██████████████████████████████████████████████████████████████████████████████████████████████████████████████████████████████████████████████████                    | 22/25 [05:00<00:40, 13.45s/it]
 92%|████████████████████████████████████████████████████████████████████████████████████████████████████████████████████████████████████████████████████████▋             | 23/25 [05:17<00:28, 14.48s/it]
 96%|███████████████████████████████████████████████████████████████████████████████████████████████████████████████████████████████████████████████████████████████▎      | 24/25 [05:35<00:15, 15.63s/it]
100%|██████████████████████████████████████████████████████████████████████████████████████████████████████████████████████████████████████████████████████████████████████| 25/25 [05:49<00:00, 15.11s/it]
100%|██████████████████████████████████████████████████████████████████████████████████████████████████████████████████████████████████████████████████████████████████████| 25/25 [05:49<00:00, 14.00s/it]
Elapsed Time:	 0:08:01.085708
====================
================================================== 	 9 of 96 ( 8.3 %)	 ==================================================
2021-01-11 20:54:34.570838
PAPER EXPERIMENTS
Tech:               TF
Feature Selection:  True
Cross Validation:   True
Remove Outliers:    True
Include Attributes: True
Include N-Grams:    True
Reduce Models:      False
After FS:           False
Remove outlier_both False
K Feature Select:   500

Processed documents: 1062
No proc w/ compensation > 0: 940
TF BOW Document Vector
Features:  25000
Total documents: 940
k =  500
Feature Selection....

  0%|                                                                                                                                                                               | 0/25 [00:00<?, ?it/s]No Docs (OR1): 676

  4%|██████▌                                                                                                                                                             | 1/25 [14:32<5:49:07, 872.83s/it]
  8%|█████████████                                                                                                                                                       | 2/25 [29:57<5:40:31, 888.35s/it]
 12%|███████████████████▋                                                                                                                                                | 3/25 [45:31<5:30:45, 902.07s/it]
 16%|█████████████████████████▉                                                                                                                                        | 4/25 [1:00:35<5:15:56, 902.71s/it]
 20%|████████████████████████████████▍                                                                                                                                 | 5/25 [1:15:42<5:01:16, 903.83s/it]
 24%|██████████████████████████████████████▉                                                                                                                           | 6/25 [1:30:44<4:46:04, 903.40s/it]
 28%|█████████████████████████████████████████████▎                                                                                                                    | 7/25 [1:46:06<4:32:40, 908.91s/it]
 32%|███████████████████████████████████████████████████▊                                                                                                              | 8/25 [2:01:03<4:16:29, 905.29s/it]
 36%|██████████████████████████████████████████████████████████▎                                                                                                       | 9/25 [2:16:03<4:01:00, 903.79s/it]
 40%|████████████████████████████████████████████████████████████████▍                                                                                                | 10/25 [2:30:48<3:44:32, 898.16s/it]
 44%|██████████████████████████████████████████████████████████████████████▊                                                                                          | 11/25 [2:45:46<3:29:35, 898.28s/it]
 48%|█████████████████████████████████████████████████████████████████████████████▎                                                                                   | 12/25 [3:00:05<3:12:01, 886.24s/it]
 52%|███████████████████████████████████████████████████████████████████████████████████▋                                                                             | 13/25 [3:15:39<3:00:09, 900.76s/it]
 56%|██████████████████████████████████████████████████████████████████████████████████████████▏                                                                      | 14/25 [3:30:55<2:45:56, 905.10s/it]
 60%|████████████████████████████████████████████████████████████████████████████████████████████████▌                                                                | 15/25 [3:46:40<2:32:51, 917.20s/it]
 64%|███████████████████████████████████████████████████████████████████████████████████████████████████████                                                          | 16/25 [4:02:02<2:17:46, 918.51s/it]
 68%|█████████████████████████████████████████████████████████████████████████████████████████████████████████████▍                                                   | 17/25 [4:17:14<2:02:14, 916.83s/it]
 72%|███████████████████████████████████████████████████████████████████████████████████████████████████████████████████▉                                             | 18/25 [4:31:56<1:45:43, 906.21s/it]
 76%|██████████████████████████████████████████████████████████████████████████████████████████████████████████████████████████▎                                      | 19/25 [4:47:23<1:31:14, 912.37s/it]
 80%|████████████████████████████████████████████████████████████████████████████████████████████████████████████████████████████████▊                                | 20/25 [5:02:10<1:15:23, 904.75s/it]
 84%|███████████████████████████████████████████████████████████████████████████████████████████████████████████████████████████████████████▏                         | 21/25 [5:17:24<1:00:30, 907.73s/it]
 88%|███████████████████████████████████████████████████████████████████████████████████████████████████████████████████████████████████████████████▍                   | 22/25 [5:33:03<45:50, 916.89s/it]
 92%|█████████████████████████████████████████████████████████████████████████████████████████████████████████████████████████████████████████████████████▉             | 23/25 [5:48:43<30:48, 924.01s/it]
 96%|████████████████████████████████████████████████████████████████████████████████████████████████████████████████████████████████████████████████████████████▍      | 24/25 [6:03:44<15:16, 916.94s/it]
100%|███████████████████████████████████████████████████████████████████████████████████████████████████████████████████████████████████████████████████████████████████| 25/25 [6:18:35<00:00, 909.22s/it]
100%|███████████████████████████████████████████████████████████████████████████████████████████████████████████████████████████████████████████████████████████████████| 25/25 [6:18:35<00:00, 908.61s/it]
Elapsed Time:	 6:21:48.299076
====================
================================================== 	 10 of 96 ( 9.4 %)	 ==================================================
2021-01-12 03:36:23.799294
PAPER EXPERIMENTS
Tech:               TF
Feature Selection:  True
Cross Validation:   True
Remove Outliers:    True
Include Attributes: True
Include N-Grams:    False
Reduce Models:      False
After FS:           False
Remove outlier_both False
K Feature Select:   500

Processed documents: 1062
No proc w/ compensation > 0: 940
TF BOW Document Vector
Features:  16904
Total documents: 940
k =  500
Feature Selection....

  0%|                                                                                                                                                                               | 0/25 [00:00<?, ?it/s]No Docs (OR1): 676

  4%|██████▌                                                                                                                                                             | 1/25 [14:23<5:45:25, 863.58s/it]
  8%|█████████████                                                                                                                                                       | 2/25 [29:35<5:36:34, 878.01s/it]
 12%|███████████████████▋                                                                                                                                                | 3/25 [44:44<5:25:24, 887.50s/it]
 16%|█████████████████████████▉                                                                                                                                        | 4/25 [1:00:16<5:15:16, 900.77s/it]
 20%|████████████████████████████████▍                                                                                                                                 | 5/25 [1:15:52<5:03:48, 911.41s/it]
 24%|██████████████████████████████████████▉                                                                                                                           | 6/25 [1:31:15<4:49:40, 914.76s/it]
 28%|█████████████████████████████████████████████▎                                                                                                                    | 7/25 [1:45:58<4:31:35, 905.29s/it]
 32%|███████████████████████████████████████████████████▊                                                                                                              | 8/25 [2:01:28<4:18:37, 912.77s/it]
 36%|██████████████████████████████████████████████████████████▎                                                                                                       | 9/25 [2:16:11<4:00:57, 903.60s/it]
 40%|████████████████████████████████████████████████████████████████▍                                                                                                | 10/25 [2:30:54<3:44:21, 897.41s/it]
 44%|██████████████████████████████████████████████████████████████████████▊                                                                                          | 11/25 [2:45:58<3:29:55, 899.67s/it]
 48%|█████████████████████████████████████████████████████████████████████████████▎                                                                                   | 12/25 [3:01:09<3:15:39, 903.02s/it]
 52%|███████████████████████████████████████████████████████████████████████████████████▋                                                                             | 13/25 [3:16:22<3:01:11, 905.96s/it]
 56%|██████████████████████████████████████████████████████████████████████████████████████████▏                                                                      | 14/25 [3:31:48<2:47:10, 911.84s/it]
 60%|████████████████████████████████████████████████████████████████████████████████████████████████▌                                                                | 15/25 [3:46:35<2:30:43, 904.35s/it]
 64%|███████████████████████████████████████████████████████████████████████████████████████████████████████                                                          | 16/25 [4:01:50<2:16:08, 907.66s/it]
 68%|█████████████████████████████████████████████████████████████████████████████████████████████████████████████▍                                                   | 17/25 [4:16:50<2:00:42, 905.37s/it]
 72%|███████████████████████████████████████████████████████████████████████████████████████████████████████████████████▉                                             | 18/25 [4:31:52<1:45:30, 904.38s/it]
 76%|██████████████████████████████████████████████████████████████████████████████████████████████████████████████████████████▎                                      | 19/25 [4:47:34<1:31:33, 915.51s/it]
 80%|████████████████████████████████████████████████████████████████████████████████████████████████████████████████████████████████▊                                | 20/25 [5:02:11<1:15:20, 904.18s/it]
 84%|████████████████████████████████████████████████████████████████████████████████████████████████████████████████████████████████████████▉                          | 21/25 [5:16:47<59:42, 895.60s/it]
 88%|███████████████████████████████████████████████████████████████████████████████████████████████████████████████████████████████████████████████▍                   | 22/25 [5:31:46<44:49, 896.54s/it]
 92%|█████████████████████████████████████████████████████████████████████████████████████████████████████████████████████████████████████████████████████▉             | 23/25 [5:47:00<30:03, 901.80s/it]
 96%|████████████████████████████████████████████████████████████████████████████████████████████████████████████████████████████████████████████████████████████▍      | 24/25 [6:02:34<15:11, 911.64s/it]
100%|███████████████████████████████████████████████████████████████████████████████████████████████████████████████████████████████████████████████████████████████████| 25/25 [6:17:14<00:00, 902.02s/it]
100%|███████████████████████████████████████████████████████████████████████████████████████████████████████████████████████████████████████████████████████████████████| 25/25 [6:17:14<00:00, 905.37s/it]
Elapsed Time:	 6:19:25.543794
====================
================================================== 	 11 of 96 ( 10.4 %)	 ==================================================
2021-01-12 10:15:50.092155
PAPER EXPERIMENTS
Tech:               TF
Feature Selection:  True
Cross Validation:   False
Remove Outliers:    True
Include Attributes: True
Include N-Grams:    True
Reduce Models:      False
After FS:           False
Remove outlier_both False
K Feature Select:   500

Processed documents: 1062
No proc w/ compensation > 0: 940
TF BOW Document Vector
Features:  25000
Total documents: 940
k =  500
Feature Selection....

  0%|                                                                                                                                                                               | 0/25 [00:00<?, ?it/s]No Docs (OR1): 676

  4%|██████▌                                                                                                                                                             | 1/25 [03:08<1:15:12, 188.00s/it]
  8%|█████████████                                                                                                                                                       | 2/25 [06:10<1:11:23, 186.24s/it]
 12%|███████████████████▋                                                                                                                                                | 3/25 [09:19<1:08:36, 187.12s/it]
 16%|██████████████████████████▏                                                                                                                                         | 4/25 [12:29<1:05:49, 188.05s/it]
 20%|████████████████████████████████▊                                                                                                                                   | 5/25 [15:36<1:02:33, 187.67s/it]
 24%|███████████████████████████████████████▊                                                                                                                              | 6/25 [18:47<59:48, 188.88s/it]
 28%|██████████████████████████████████████████████▍                                                                                                                       | 7/25 [21:48<55:53, 186.32s/it]
 32%|█████████████████████████████████████████████████████                                                                                                                 | 8/25 [24:55<52:52, 186.60s/it]
 36%|███████████████████████████████████████████████████████████▊                                                                                                          | 9/25 [28:05<49:59, 187.47s/it]
 40%|██████████████████████████████████████████████████████████████████                                                                                                   | 10/25 [31:13<46:57, 187.85s/it]
 44%|████████████████████████████████████████████████████████████████████████▌                                                                                            | 11/25 [34:25<44:05, 188.99s/it]
 48%|███████████████████████████████████████████████████████████████████████████████▏                                                                                     | 12/25 [37:36<41:03, 189.51s/it]
 52%|█████████████████████████████████████████████████████████████████████████████████████▊                                                                               | 13/25 [40:44<37:50, 189.20s/it]
 56%|████████████████████████████████████████████████████████████████████████████████████████████▍                                                                        | 14/25 [43:17<32:40, 178.24s/it]
 60%|███████████████████████████████████████████████████████████████████████████████████████████████████                                                                  | 15/25 [45:51<28:29, 170.95s/it]
 64%|█████████████████████████████████████████████████████████████████████████████████████████████████████████▌                                                           | 16/25 [49:04<26:39, 177.74s/it]
 68%|████████████████████████████████████████████████████████████████████████████████████████████████████████████████▏                                                    | 17/25 [52:16<24:15, 181.96s/it]
 72%|██████████████████████████████████████████████████████████████████████████████████████████████████████████████████████▊                                              | 18/25 [55:26<21:30, 184.32s/it]
 76%|█████████████████████████████████████████████████████████████████████████████████████████████████████████████████████████████▍                                       | 19/25 [58:31<18:27, 184.53s/it]
 80%|██████████████████████████████████████████████████████████████████████████████████████████████████████████████████████████████████▍                                | 20/25 [1:01:17<14:54, 178.86s/it]
 84%|████████████████████████████████████████████████████████████████████████████████████████████████████████████████████████████████████████▉                          | 21/25 [1:04:23<12:04, 181.10s/it]
 88%|███████████████████████████████████████████████████████████████████████████████████████████████████████████████████████████████████████████████▍                   | 22/25 [1:07:27<09:06, 182.08s/it]
 92%|█████████████████████████████████████████████████████████████████████████████████████████████████████████████████████████████████████████████████████▉             | 23/25 [1:10:36<06:07, 183.96s/it]
 96%|████████████████████████████████████████████████████████████████████████████████████████████████████████████████████████████████████████████████████████████▍      | 24/25 [1:13:08<02:54, 174.52s/it]
100%|███████████████████████████████████████████████████████████████████████████████████████████████████████████████████████████████████████████████████████████████████| 25/25 [1:16:11<00:00, 177.15s/it]
100%|███████████████████████████████████████████████████████████████████████████████████████████████████████████████████████████████████████████████████████████████████| 25/25 [1:16:11<00:00, 182.88s/it]
Elapsed Time:	 1:19:27.003044
====================
================================================== 	 12 of 96 ( 11.5 %)	 ==================================================
2021-01-12 11:55:17.818369
PAPER EXPERIMENTS
Tech:               TF
Feature Selection:  True
Cross Validation:   False
Remove Outliers:    True
Include Attributes: True
Include N-Grams:    False
Reduce Models:      False
After FS:           False
Remove outlier_both False
K Feature Select:   500

Processed documents: 1062
No proc w/ compensation > 0: 940
TF BOW Document Vector
Features:  16904
Total documents: 940
k =  500
Feature Selection....

  0%|                                                                                                                                                                               | 0/25 [00:00<?, ?it/s]No Docs (OR1): 676

  4%|██████▌                                                                                                                                                             | 1/25 [02:30<1:00:17, 150.75s/it]
  8%|█████████████                                                                                                                                                       | 2/25 [05:34<1:01:36, 160.71s/it]
 12%|███████████████████▋                                                                                                                                                | 3/25 [08:27<1:00:13, 164.27s/it]
 16%|██████████████████████████▏                                                                                                                                         | 4/25 [11:36<1:00:06, 171.74s/it]
 20%|█████████████████████████████████▏                                                                                                                                    | 5/25 [14:30<57:26, 172.31s/it]
 24%|███████████████████████████████████████▊                                                                                                                              | 6/25 [17:36<55:55, 176.61s/it]
 28%|██████████████████████████████████████████████▍                                                                                                                       | 7/25 [20:13<51:13, 170.75s/it]
 32%|█████████████████████████████████████████████████████                                                                                                                 | 8/25 [23:21<49:47, 175.75s/it]
 36%|███████████████████████████████████████████████████████████▊                                                                                                          | 9/25 [26:32<48:08, 180.54s/it]
 40%|██████████████████████████████████████████████████████████████████                                                                                                   | 10/25 [29:38<45:31, 182.10s/it]
 44%|████████████████████████████████████████████████████████████████████████▌                                                                                            | 11/25 [32:47<42:57, 184.10s/it]
 48%|███████████████████████████████████████████████████████████████████████████████▏                                                                                     | 12/25 [36:01<40:30, 186.97s/it]
 52%|█████████████████████████████████████████████████████████████████████████████████████▊                                                                               | 13/25 [39:03<37:05, 185.48s/it]
 56%|████████████████████████████████████████████████████████████████████████████████████████████▍                                                                        | 14/25 [42:15<34:23, 187.55s/it]
 60%|███████████████████████████████████████████████████████████████████████████████████████████████████                                                                  | 15/25 [45:27<31:30, 189.01s/it]
 64%|█████████████████████████████████████████████████████████████████████████████████████████████████████████▌                                                           | 16/25 [48:34<28:14, 188.29s/it]
 68%|████████████████████████████████████████████████████████████████████████████████████████████████████████████████▏                                                    | 17/25 [51:37<24:53, 186.69s/it]
 72%|██████████████████████████████████████████████████████████████████████████████████████████████████████████████████████▊                                              | 18/25 [54:49<21:58, 188.39s/it]
 76%|█████████████████████████████████████████████████████████████████████████████████████████████████████████████████████████████▍                                       | 19/25 [57:54<18:42, 187.14s/it]
 80%|██████████████████████████████████████████████████████████████████████████████████████████████████████████████████████████████████▍                                | 20/25 [1:00:34<14:55, 179.14s/it]
 84%|████████████████████████████████████████████████████████████████████████████████████████████████████████████████████████████████████████▉                          | 21/25 [1:03:32<11:55, 178.85s/it]
 88%|███████████████████████████████████████████████████████████████████████████████████████████████████████████████████████████████████████████████▍                   | 22/25 [1:06:10<08:37, 172.47s/it]
 92%|█████████████████████████████████████████████████████████████████████████████████████████████████████████████████████████████████████████████████████▉             | 23/25 [1:09:15<05:52, 176.44s/it]
 96%|████████████████████████████████████████████████████████████████████████████████████████████████████████████████████████████████████████████████████████████▍      | 24/25 [1:12:25<03:00, 180.33s/it]
100%|███████████████████████████████████████████████████████████████████████████████████████████████████████████████████████████████████████████████████████████████████| 25/25 [1:14:59<00:00, 172.45s/it]
100%|███████████████████████████████████████████████████████████████████████████████████████████████████████████████████████████████████████████████████████████████████| 25/25 [1:14:59<00:00, 179.98s/it]
Elapsed Time:	 1:17:11.058292
====================
================================================== 	 13 of 96 ( 12.5 %)	 ==================================================
2021-01-12 13:32:29.784134
PAPER EXPERIMENTS
Tech:               TF
Feature Selection:  True
Cross Validation:   True
Remove Outliers:    True
Include Attributes: False
Include N-Grams:    True
Reduce Models:      False
After FS:           False
Remove outlier_both False
K Feature Select:   500

Processed documents: 1062
No proc w/ compensation > 0: 940
TF BOW Document Vector
Features:  25000
Total documents: 940
k =  500
Feature Selection....

  0%|                                                                                                                                                                               | 0/25 [00:00<?, ?it/s]No Docs (OR1): 676

  4%|██████▌                                                                                                                                                             | 1/25 [07:00<2:48:07, 420.30s/it]
  8%|█████████████                                                                                                                                                       | 2/25 [13:39<2:38:38, 413.85s/it]
 12%|███████████████████▋                                                                                                                                                | 3/25 [20:34<2:31:54, 414.31s/it]
 16%|██████████████████████████▏                                                                                                                                         | 4/25 [27:57<2:27:58, 422.79s/it]
 20%|████████████████████████████████▊                                                                                                                                   | 5/25 [34:20<2:17:01, 411.06s/it]
 24%|███████████████████████████████████████▎                                                                                                                            | 6/25 [41:28<2:11:45, 416.10s/it]
 28%|█████████████████████████████████████████████▉                                                                                                                      | 7/25 [47:55<2:02:14, 407.47s/it]
 32%|████████████████████████████████████████████████████▍                                                                                                               | 8/25 [54:09<1:52:32, 397.23s/it]
 36%|██████████████████████████████████████████████████████████▎                                                                                                       | 9/25 [1:00:39<1:45:22, 395.18s/it]
 40%|████████████████████████████████████████████████████████████████▍                                                                                                | 10/25 [1:07:47<1:41:12, 404.82s/it]
 44%|██████████████████████████████████████████████████████████████████████▊                                                                                          | 11/25 [1:15:10<1:37:09, 416.40s/it]
 48%|█████████████████████████████████████████████████████████████████████████████▎                                                                                   | 12/25 [1:22:50<1:33:02, 429.42s/it]
 52%|███████████████████████████████████████████████████████████████████████████████████▋                                                                             | 13/25 [1:29:15<1:23:15, 416.29s/it]
 56%|██████████████████████████████████████████████████████████████████████████████████████████▏                                                                      | 14/25 [1:36:51<1:18:28, 428.06s/it]
 60%|████████████████████████████████████████████████████████████████████████████████████████████████▌                                                                | 15/25 [1:44:13<1:12:02, 432.22s/it]
 64%|███████████████████████████████████████████████████████████████████████████████████████████████████████                                                          | 16/25 [1:51:26<1:04:52, 432.53s/it]
 68%|██████████████████████████████████████████████████████████████████████████████████████████████████████████████▊                                                    | 17/25 [1:58:00<56:08, 421.08s/it]
 72%|█████████████████████████████████████████████████████████████████████████████████████████████████████████████████████▎                                             | 18/25 [2:05:12<49:28, 424.14s/it]
 76%|███████████████████████████████████████████████████████████████████████████████████████████████████████████████████████████▉                                       | 19/25 [2:12:16<42:24, 424.16s/it]
 80%|██████████████████████████████████████████████████████████████████████████████████████████████████████████████████████████████████▍                                | 20/25 [2:19:35<35:43, 428.65s/it]
 84%|████████████████████████████████████████████████████████████████████████████████████████████████████████████████████████████████████████▉                          | 21/25 [2:26:09<27:53, 418.33s/it]
 88%|███████████████████████████████████████████████████████████████████████████████████████████████████████████████████████████████████████████████▍                   | 22/25 [2:32:38<20:28, 409.54s/it]
 92%|█████████████████████████████████████████████████████████████████████████████████████████████████████████████████████████████████████████████████████▉             | 23/25 [2:39:40<13:46, 413.26s/it]
 96%|████████████████████████████████████████████████████████████████████████████████████████████████████████████████████████████████████████████████████████████▍      | 24/25 [2:46:34<06:53, 413.28s/it]
100%|███████████████████████████████████████████████████████████████████████████████████████████████████████████████████████████████████████████████████████████████████| 25/25 [2:53:29<00:00, 413.81s/it]
100%|███████████████████████████████████████████████████████████████████████████████████████████████████████████████████████████████████████████████████████████████████| 25/25 [2:53:29<00:00, 416.37s/it]
Elapsed Time:	 2:56:42.752477
====================
================================================== 	 14 of 96 ( 13.5 %)	 ==================================================
2021-01-12 16:49:13.534997
PAPER EXPERIMENTS
Tech:               TF
Feature Selection:  True
Cross Validation:   True
Remove Outliers:    True
Include Attributes: False
Include N-Grams:    False
Reduce Models:      False
After FS:           False
Remove outlier_both False
K Feature Select:   500

Processed documents: 1062
No proc w/ compensation > 0: 940
TF BOW Document Vector
Features:  16904
Total documents: 940
k =  500
Feature Selection....

  0%|                                                                                                                                                                               | 0/25 [00:00<?, ?it/s]No Docs (OR1): 676

  4%|██████▌                                                                                                                                                             | 1/25 [08:19<3:19:50, 499.59s/it]
  8%|█████████████                                                                                                                                                       | 2/25 [16:46<3:12:20, 501.77s/it]
 12%|███████████████████▋                                                                                                                                                | 3/25 [25:12<3:04:24, 502.92s/it]
 16%|██████████████████████████▏                                                                                                                                         | 4/25 [33:39<2:56:30, 504.33s/it]
 20%|████████████████████████████████▊                                                                                                                                   | 5/25 [41:42<2:45:57, 497.86s/it]
 24%|███████████████████████████████████████▎                                                                                                                            | 6/25 [50:14<2:38:58, 502.00s/it]
 28%|█████████████████████████████████████████████▉                                                                                                                      | 7/25 [57:47<2:26:13, 487.44s/it]
 32%|███████████████████████████████████████████████████▊                                                                                                              | 8/25 [1:05:56<2:18:15, 487.95s/it]
 36%|██████████████████████████████████████████████████████████▎                                                                                                       | 9/25 [1:14:00<2:09:46, 486.64s/it]
 40%|████████████████████████████████████████████████████████████████▍                                                                                                | 10/25 [1:22:21<2:02:47, 491.14s/it]
 44%|██████████████████████████████████████████████████████████████████████▊                                                                                          | 11/25 [1:30:22<1:53:51, 487.97s/it]
 48%|█████████████████████████████████████████████████████████████████████████████▎                                                                                   | 12/25 [1:38:48<1:46:55, 493.48s/it]
 52%|███████████████████████████████████████████████████████████████████████████████████▋                                                                             | 13/25 [1:47:17<1:39:38, 498.19s/it]
 56%|██████████████████████████████████████████████████████████████████████████████████████████▏                                                                      | 14/25 [1:54:59<1:29:19, 487.24s/it]
 60%|████████████████████████████████████████████████████████████████████████████████████████████████▌                                                                | 15/25 [2:03:09<1:21:20, 488.09s/it]
 64%|███████████████████████████████████████████████████████████████████████████████████████████████████████                                                          | 16/25 [2:11:02<1:12:31, 483.47s/it]
 68%|█████████████████████████████████████████████████████████████████████████████████████████████████████████████▍                                                   | 17/25 [2:19:17<1:04:55, 486.92s/it]
 72%|█████████████████████████████████████████████████████████████████████████████████████████████████████████████████████▎                                             | 18/25 [2:28:18<58:41, 503.06s/it]
 76%|███████████████████████████████████████████████████████████████████████████████████████████████████████████████████████████▉                                       | 19/25 [2:36:09<49:21, 493.50s/it]
 80%|██████████████████████████████████████████████████████████████████████████████████████████████████████████████████████████████████▍                                | 20/25 [2:43:51<40:20, 484.11s/it]
 84%|████████████████████████████████████████████████████████████████████████████████████████████████████████████████████████████████████████▉                          | 21/25 [2:51:21<31:35, 473.95s/it]
 88%|███████████████████████████████████████████████████████████████████████████████████████████████████████████████████████████████████████████████▍                   | 22/25 [2:59:32<23:56, 478.94s/it]
 92%|█████████████████████████████████████████████████████████████████████████████████████████████████████████████████████████████████████████████████████▉             | 23/25 [3:07:24<15:53, 476.98s/it]
 96%|████████████████████████████████████████████████████████████████████████████████████████████████████████████████████████████████████████████████████████████▍      | 24/25 [3:15:48<08:05, 485.06s/it]
100%|███████████████████████████████████████████████████████████████████████████████████████████████████████████████████████████████████████████████████████████████████| 25/25 [3:24:06<00:00, 489.02s/it]
100%|███████████████████████████████████████████████████████████████████████████████████████████████████████████████████████████████████████████████████████████████████| 25/25 [3:24:06<00:00, 489.88s/it]
Elapsed Time:	 3:26:18.956065
====================
================================================== 	 15 of 96 ( 14.6 %)	 ==================================================
2021-01-12 20:35:33.341508
PAPER EXPERIMENTS
Tech:               TF
Feature Selection:  True
Cross Validation:   False
Remove Outliers:    True
Include Attributes: False
Include N-Grams:    True
Reduce Models:      False
After FS:           False
Remove outlier_both False
K Feature Select:   500

Processed documents: 1062
No proc w/ compensation > 0: 940
TF BOW Document Vector
Features:  25000
Total documents: 940
k =  500
Feature Selection....

  0%|                                                                                                                                                                               | 0/25 [00:00<?, ?it/s]No Docs (OR1): 676

  4%|██████▋                                                                                                                                                               | 1/25 [01:49<43:44, 109.34s/it]
  8%|█████████████▎                                                                                                                                                        | 2/25 [03:21<39:53, 104.05s/it]
 12%|████████████████████                                                                                                                                                   | 3/25 [04:45<35:57, 98.09s/it]
 16%|██████████████████████████▋                                                                                                                                            | 4/25 [06:05<32:25, 92.66s/it]
 20%|█████████████████████████████████▍                                                                                                                                     | 5/25 [07:29<30:05, 90.26s/it]
 24%|████████████████████████████████████████                                                                                                                               | 6/25 [08:57<28:21, 89.54s/it]
 28%|██████████████████████████████████████████████▊                                                                                                                        | 7/25 [10:16<25:53, 86.31s/it]
 32%|█████████████████████████████████████████████████████▍                                                                                                                 | 8/25 [11:37<24:00, 84.74s/it]
 36%|████████████████████████████████████████████████████████████                                                                                                           | 9/25 [12:53<21:51, 81.95s/it]
 40%|██████████████████████████████████████████████████████████████████▍                                                                                                   | 10/25 [14:51<23:14, 92.99s/it]
 44%|█████████████████████████████████████████████████████████████████████████                                                                                             | 11/25 [16:06<20:26, 87.57s/it]
 48%|███████████████████████████████████████████████████████████████████████████████▋                                                                                      | 12/25 [17:35<19:03, 87.93s/it]
 52%|██████████████████████████████████████████████████████████████████████████████████████▎                                                                               | 13/25 [18:58<17:17, 86.44s/it]
 56%|████████████████████████████████████████████████████████████████████████████████████████████▉                                                                         | 14/25 [20:18<15:29, 84.54s/it]
 60%|███████████████████████████████████████████████████████████████████████████████████████████████████▌                                                                  | 15/25 [21:29<13:25, 80.56s/it]
 64%|██████████████████████████████████████████████████████████████████████████████████████████████████████████▏                                                           | 16/25 [22:52<12:09, 81.10s/it]
 68%|████████████████████████████████████████████████████████████████████████████████████████████████████████████████▉                                                     | 17/25 [24:16<10:56, 82.03s/it]
 72%|███████████████████████████████████████████████████████████████████████████████████████████████████████████████████████▌                                              | 18/25 [25:37<09:32, 81.72s/it]
 76%|██████████████████████████████████████████████████████████████████████████████████████████████████████████████████████████████▏                                       | 19/25 [26:56<08:06, 81.09s/it]
 80%|████████████████████████████████████████████████████████████████████████████████████████████████████████████████████████████████████▊                                 | 20/25 [28:12<06:37, 79.48s/it]
 84%|███████████████████████████████████████████████████████████████████████████████████████████████████████████████████████████████████████████▍                          | 21/25 [29:37<05:24, 81.09s/it]
 88%|██████████████████████████████████████████████████████████████████████████████████████████████████████████████████████████████████████████████████                    | 22/25 [30:48<03:54, 78.09s/it]
 92%|████████████████████████████████████████████████████████████████████████████████████████████████████████████████████████████████████████████████████████▋             | 23/25 [32:16<02:42, 81.06s/it]
 96%|███████████████████████████████████████████████████████████████████████████████████████████████████████████████████████████████████████████████████████████████▎      | 24/25 [33:50<01:24, 84.98s/it]
100%|██████████████████████████████████████████████████████████████████████████████████████████████████████████████████████████████████████████████████████████████████████| 25/25 [35:15<00:00, 85.02s/it]
100%|██████████████████████████████████████████████████████████████████████████████████████████████████████████████████████████████████████████████████████████████████████| 25/25 [35:15<00:00, 84.63s/it]
Elapsed Time:	 0:38:30.617554
====================
================================================== 	 16 of 96 ( 15.6 %)	 ==================================================
2021-01-12 21:34:04.888362
PAPER EXPERIMENTS
Tech:               TF
Feature Selection:  True
Cross Validation:   False
Remove Outliers:    True
Include Attributes: False
Include N-Grams:    False
Reduce Models:      False
After FS:           False
Remove outlier_both False
K Feature Select:   500

Processed documents: 1062
No proc w/ compensation > 0: 940
TF BOW Document Vector
Features:  16904
Total documents: 940
k =  500
Feature Selection....

  0%|                                                                                                                                                                               | 0/25 [00:00<?, ?it/s]No Docs (OR1): 676

  4%|██████▋                                                                                                                                                               | 1/25 [01:51<44:35, 111.49s/it]
  8%|█████████████▎                                                                                                                                                        | 2/25 [03:53<43:54, 114.52s/it]
 12%|███████████████████▉                                                                                                                                                  | 3/25 [05:40<41:12, 112.38s/it]
 16%|██████████████████████████▌                                                                                                                                           | 4/25 [07:23<38:19, 109.52s/it]
 20%|█████████████████████████████████▏                                                                                                                                    | 5/25 [09:24<37:40, 113.03s/it]
 24%|███████████████████████████████████████▊                                                                                                                              | 6/25 [10:55<33:42, 106.46s/it]
 28%|██████████████████████████████████████████████▍                                                                                                                       | 7/25 [12:41<31:55, 106.41s/it]
 32%|█████████████████████████████████████████████████████                                                                                                                 | 8/25 [14:20<29:30, 104.12s/it]
 36%|███████████████████████████████████████████████████████████▊                                                                                                          | 9/25 [16:07<27:57, 104.87s/it]
 40%|██████████████████████████████████████████████████████████████████▍                                                                                                   | 10/25 [17:35<24:59, 99.94s/it]
 44%|████████████████████████████████████████████████████████████████████████▌                                                                                            | 11/25 [19:23<23:51, 102.23s/it]
 48%|███████████████████████████████████████████████████████████████████████████████▏                                                                                     | 12/25 [21:04<22:05, 101.94s/it]
 52%|█████████████████████████████████████████████████████████████████████████████████████▊                                                                               | 13/25 [22:52<20:43, 103.62s/it]
 56%|████████████████████████████████████████████████████████████████████████████████████████████▍                                                                        | 14/25 [24:44<19:28, 106.26s/it]
 60%|███████████████████████████████████████████████████████████████████████████████████████████████████                                                                  | 15/25 [26:10<16:42, 100.23s/it]
 64%|█████████████████████████████████████████████████████████████████████████████████████████████████████████▌                                                           | 16/25 [27:55<15:14, 101.56s/it]
 68%|████████████████████████████████████████████████████████████████████████████████████████████████████████████████▏                                                    | 17/25 [29:59<14:26, 108.29s/it]
 72%|██████████████████████████████████████████████████████████████████████████████████████████████████████████████████████▊                                              | 18/25 [32:01<13:06, 112.32s/it]
 76%|█████████████████████████████████████████████████████████████████████████████████████████████████████████████████████████████▍                                       | 19/25 [34:06<11:37, 116.23s/it]
 80%|████████████████████████████████████████████████████████████████████████████████████████████████████████████████████████████████████                                 | 20/25 [35:53<09:27, 113.48s/it]
 84%|██████████████████████████████████████████████████████████████████████████████████████████████████████████████████████████████████████████▌                          | 21/25 [37:43<07:29, 112.43s/it]
 88%|█████████████████████████████████████████████████████████████████████████████████████████████████████████████████████████████████████████████████▏                   | 22/25 [39:16<05:20, 106.74s/it]
 92%|███████████████████████████████████████████████████████████████████████████████████████████████████████████████████████████████████████████████████████▊             | 23/25 [41:03<03:33, 106.74s/it]
 96%|██████████████████████████████████████████████████████████████████████████████████████████████████████████████████████████████████████████████████████████████▍      | 24/25 [42:38<01:43, 103.13s/it]
100%|█████████████████████████████████████████████████████████████████████████████████████████████████████████████████████████████████████████████████████████████████████| 25/25 [44:22<00:00, 103.33s/it]
100%|█████████████████████████████████████████████████████████████████████████████████████████████████████████████████████████████████████████████████████████████████████| 25/25 [44:22<00:00, 106.49s/it]
Elapsed Time:	 0:46:33.511520
====================
