================================================== 	 24 of 56 ( 41.1 %)	 ==================================================
2021-01-26 11:53:58.216221
PAPER EXPERIMENTS
Tech:               TF
Feature Selection:  False
Cross Validation:   True
Remove Outliers:    False
Include Attributes: True
Include N-Grams:    True
Reduce Models:      True
After FS:           False
Remove outlier_both False
K Feature Select:   500

Processed documents: 1062
No proc w/ compensation > 0: 940
TF BOW Document Vector
Features:  25000
Total documents: 940

  0%|                                                                                                                                                                               | 0/25 [00:00<?, ?it/s]
  4%|██████▍                                                                                                                                                           | 1/25 [49:16<19:42:28, 2956.20s/it]
  8%|████████████▊                                                                                                                                                   | 2/25 [1:36:41<18:40:28, 2922.99s/it]
 12%|███████████████████▏                                                                                                                                            | 3/25 [2:30:27<18:25:03, 3013.77s/it]
 16%|█████████████████████████▌                                                                                                                                      | 4/25 [3:20:36<17:34:22, 3012.48s/it]
 20%|████████████████████████████████                                                                                                                                | 5/25 [4:11:36<16:48:55, 3026.80s/it]
 24%|██████████████████████████████████████▍                                                                                                                         | 6/25 [5:05:36<16:18:44, 3090.75s/it]
 28%|████████████████████████████████████████████▊                                                                                                                   | 7/25 [5:59:45<15:41:26, 3138.14s/it]
 32%|███████████████████████████████████████████████████▏                                                                                                            | 8/25 [6:48:40<14:31:51, 3077.16s/it]
 36%|█████████████████████████████████████████████████████████▌                                                                                                      | 9/25 [7:36:08<13:22:16, 3008.51s/it]
 40%|███████████████████████████████████████████████████████████████▌                                                                                               | 10/25 [8:27:05<12:35:42, 3022.81s/it]
 44%|█████████████████████████████████████████████████████████████████████▉                                                                                         | 11/25 [9:21:22<12:01:43, 3093.12s/it]
 48%|███████████████████████████████████████████████████████████████████████████▊                                                                                  | 12/25 [10:12:29<11:08:30, 3085.46s/it]
 52%|██████████████████████████████████████████████████████████████████████████████████▏                                                                           | 13/25 [11:02:48<10:13:03, 3065.30s/it]
 56%|█████████████████████████████████████████████████████████████████████████████████████████                                                                      | 14/25 [11:53:04<9:19:18, 3050.75s/it]
 60%|███████████████████████████████████████████████████████████████████████████████████████████████▍                                                               | 15/25 [12:44:07<8:29:02, 3054.27s/it]
 64%|█████████████████████████████████████████████████████████████████████████████████████████████████████▊                                                         | 16/25 [13:38:54<7:48:38, 3124.25s/it]
 68%|████████████████████████████████████████████████████████████████████████████████████████████████████████████                                                   | 17/25 [14:26:19<6:45:23, 3040.44s/it]
 72%|██████████████████████████████████████████████████████████████████████████████████████████████████████████████████▍                                            | 18/25 [15:19:00<5:58:55, 3076.48s/it]
 76%|████████████████████████████████████████████████████████████████████████████████████████████████████████████████████████▊                                      | 19/25 [16:11:10<5:09:15, 3092.54s/it]
 80%|███████████████████████████████████████████████████████████████████████████████████████████████████████████████████████████████▏                               | 20/25 [17:01:36<4:16:03, 3072.65s/it]
 84%|█████████████████████████████████████████████████████████████████████████████████████████████████████████████████████████████████████▌                         | 21/25 [17:54:22<3:26:42, 3100.58s/it]
 88%|███████████████████████████████████████████████████████████████████████████████████████████████████████████████████████████████████████████▉                   | 22/25 [18:47:29<2:36:20, 3126.67s/it]
 92%|██████████████████████████████████████████████████████████████████████████████████████████████████████████████████████████████████████████████████▎            | 23/25 [19:34:03<1:40:53, 3026.78s/it]
 96%|██████████████████████████████████████████████████████████████████████████████████████████████████████████████████████████████████████████████████████████▌      | 24/25 [20:26:51<51:09, 3069.17s/it]
100%|█████████████████████████████████████████████████████████████████████████████████████████████████████████████████████████████████████████████████████████████████| 25/25 [21:20:10<00:00, 3107.98s/it]
100%|█████████████████████████████████████████████████████████████████████████████████████████████████████████████████████████████████████████████████████████████████| 25/25 [21:20:10<00:00, 3072.41s/it]
Elapsed Time:	 21:20:15.347596
=====
================================================== 	 25 of 48 ( 50.0 %)	 ==================================================
2021-01-27 09:19:13.831792
PAPER EXPERIMENTS
Tech:               TF
Feature Selection:  False
Cross Validation:   False
Remove Outliers:    True
Include Attributes: False
Include N-Grams:    False
Reduce Models:      False
After FS:           False
Remove outlier_both False
K Feature Select:   500

Processed documents: 1062
No proc w/ compensation > 0: 940
TF BOW Document Vector
Features:  16904
Total documents: 940

  0%|                                                                                                                                                                               | 0/25 [00:00<?, ?it/s]No Docs (OR1): 677

  4%|██████▌                                                                                                                                                             | 1/25 [11:09<4:27:45, 669.41s/it]
  8%|█████████████                                                                                                                                                       | 2/25 [22:33<4:18:20, 673.94s/it]
 12%|███████████████████▋                                                                                                                                                | 3/25 [35:11<4:16:19, 699.08s/it]
 16%|██████████████████████████▏                                                                                                                                         | 4/25 [48:21<4:14:09, 726.17s/it]
 20%|████████████████████████████████▍                                                                                                                                 | 5/25 [1:01:13<4:06:43, 740.18s/it]
 24%|██████████████████████████████████████▉                                                                                                                           | 6/25 [1:12:51<3:50:22, 727.51s/it]
 28%|█████████████████████████████████████████████▎                                                                                                                    | 7/25 [1:24:41<3:36:36, 722.04s/it]
 32%|███████████████████████████████████████████████████▊                                                                                                              | 8/25 [1:35:04<3:16:12, 692.50s/it]
 36%|██████████████████████████████████████████████████████████▎                                                                                                       | 9/25 [1:47:22<3:08:15, 705.95s/it]
 40%|████████████████████████████████████████████████████████████████▍                                                                                                | 10/25 [1:58:48<2:55:02, 700.19s/it]
 44%|██████████████████████████████████████████████████████████████████████▊                                                                                          | 11/25 [2:09:17<2:38:24, 678.87s/it]
 48%|█████████████████████████████████████████████████████████████████████████████▎                                                                                   | 12/25 [2:21:21<2:30:00, 692.36s/it]
 52%|███████████████████████████████████████████████████████████████████████████████████▋                                                                             | 13/25 [2:30:26<2:09:36, 648.08s/it]
 56%|██████████████████████████████████████████████████████████████████████████████████████████▏                                                                      | 14/25 [2:43:06<2:04:58, 681.64s/it]
 60%|████████████████████████████████████████████████████████████████████████████████████████████████▌                                                                | 15/25 [2:52:37<1:48:05, 648.52s/it]
 64%|███████████████████████████████████████████████████████████████████████████████████████████████████████                                                          | 16/25 [3:03:46<1:38:10, 654.48s/it]
 68%|█████████████████████████████████████████████████████████████████████████████████████████████████████████████▍                                                   | 17/25 [3:15:04<1:28:13, 661.74s/it]
 72%|███████████████████████████████████████████████████████████████████████████████████████████████████████████████████▉                                             | 18/25 [3:26:58<1:19:01, 677.32s/it]
 76%|██████████████████████████████████████████████████████████████████████████████████████████████████████████████████████████▎                                      | 19/25 [3:37:49<1:06:57, 669.59s/it]
 80%|██████████████████████████████████████████████████████████████████████████████████████████████████████████████████████████████████▍                                | 20/25 [3:47:25<53:27, 641.42s/it]
 84%|████████████████████████████████████████████████████████████████████████████████████████████████████████████████████████████████████████▉                          | 21/25 [4:01:09<46:24, 696.07s/it]
 88%|███████████████████████████████████████████████████████████████████████████████████████████████████████████████████████████████████████████████▍                   | 22/25 [4:13:21<35:20, 706.92s/it]
 92%|█████████████████████████████████████████████████████████████████████████████████████████████████████████████████████████████████████████████████████▉             | 23/25 [4:24:02<22:54, 687.29s/it]
 96%|████████████████████████████████████████████████████████████████████████████████████████████████████████████████████████████████████████████████████████████▍      | 24/25 [4:33:39<10:54, 654.11s/it]
100%|███████████████████████████████████████████████████████████████████████████████████████████████████████████████████████████████████████████████████████████████████| 25/25 [4:47:31<00:00, 707.29s/it]
100%|███████████████████████████████████████████████████████████████████████████████████████████████████████████████████████████████████████████████████████████████████| 25/25 [4:47:31<00:00, 690.04s/it]
Elapsed Time:	 4:47:32.907547
=====
================================================== 	 26 of 48 ( 52.1 %)	 ==================================================
2021-01-27 14:11:47.041131
PAPER EXPERIMENTS
Tech:               TF
Feature Selection:  False
Cross Validation:   False
Remove Outliers:    True
Include Attributes: False
Include N-Grams:    True
Reduce Models:      False
After FS:           False
Remove outlier_both False
K Feature Select:   500

Processed documents: 1062
No proc w/ compensation > 0: 940
TF BOW Document Vector
Features:  25000
Total documents: 940

  0%|                                                                                                                                                                               | 0/25 [00:00<?, ?it/s]No Docs (OR1): 676

  4%|██████▌                                                                                                                                                            | 1/25 [18:05<7:14:11, 1085.49s/it]
  8%|█████████████                                                                                                                                                      | 2/25 [35:43<6:52:59, 1077.38s/it]
 12%|███████████████████▌                                                                                                                                               | 3/25 [53:19<6:32:41, 1070.96s/it]
 16%|█████████████████████████▊                                                                                                                                       | 4/25 [1:09:03<6:01:28, 1032.76s/it]
 20%|████████████████████████████████▍                                                                                                                                 | 5/25 [1:24:26<5:33:18, 999.95s/it]
 24%|██████████████████████████████████████▉                                                                                                                           | 6/25 [1:41:01<5:16:08, 998.34s/it]
 28%|█████████████████████████████████████████████                                                                                                                    | 7/25 [1:58:30<5:04:02, 1013.49s/it]
 32%|███████████████████████████████████████████████████▊                                                                                                              | 8/25 [2:13:43<4:38:39, 983.48s/it]
 36%|█████████████████████████████████████████████████████████▉                                                                                                       | 9/25 [2:31:14<4:27:37, 1003.61s/it]
 40%|████████████████████████████████████████████████████████████████▍                                                                                                | 10/25 [2:46:04<4:02:23, 969.55s/it]
 44%|██████████████████████████████████████████████████████████████████████▍                                                                                         | 11/25 [3:09:24<4:16:22, 1098.73s/it]
 48%|████████████████████████████████████████████████████████████████████████████▊                                                                                   | 12/25 [3:24:47<3:46:39, 1046.11s/it]
 52%|███████████████████████████████████████████████████████████████████████████████████▋                                                                             | 13/25 [3:39:23<3:19:00, 995.00s/it]
 56%|██████████████████████████████████████████████████████████████████████████████████████████▏                                                                      | 14/25 [3:54:56<2:58:58, 976.25s/it]
 60%|████████████████████████████████████████████████████████████████████████████████████████████████▌                                                                | 15/25 [4:09:12<2:36:43, 940.33s/it]
 64%|██████████████████████████████████████████████████████████████████████████████████████████████████████▍                                                         | 16/25 [4:31:19<2:38:26, 1056.27s/it]
 68%|████████████████████████████████████████████████████████████████████████████████████████████████████████████▊                                                   | 17/25 [4:46:50<2:15:49, 1018.66s/it]
 72%|███████████████████████████████████████████████████████████████████████████████████████████████████████████████████▏                                            | 18/25 [5:04:40<2:00:39, 1034.19s/it]
 76%|█████████████████████████████████████████████████████████████████████████████████████████████████████████████████████████▌                                      | 19/25 [5:22:00<1:43:34, 1035.75s/it]
 80%|████████████████████████████████████████████████████████████████████████████████████████████████████████████████████████████████                                | 20/25 [5:40:19<1:27:53, 1054.78s/it]
 84%|██████████████████████████████████████████████████████████████████████████████████████████████████████████████████████████████████████▍                         | 21/25 [5:55:47<1:07:47, 1016.80s/it]
 88%|██████████████████████████████████████████████████████████████████████████████████████████████████████████████████████████████████████████████▌                   | 22/25 [6:12:02<50:12, 1004.12s/it]
 92%|█████████████████████████████████████████████████████████████████████████████████████████████████████████████████████████████████████████████████████▉             | 23/25 [6:28:30<33:18, 999.43s/it]
 96%|███████████████████████████████████████████████████████████████████████████████████████████████████████████████████████████████████████████████████████████▌      | 24/25 [6:49:59<18:06, 1086.38s/it]
100%|██████████████████████████████████████████████████████████████████████████████████████████████████████████████████████████████████████████████████████████████████| 25/25 [7:06:30<00:00, 1057.73s/it]
100%|██████████████████████████████████████████████████████████████████████████████████████████████████████████████████████████████████████████████████████████████████| 25/25 [7:06:30<00:00, 1023.63s/it]
Elapsed Time:	 7:06:35.366765
=====
================================================== 	 27 of 48 ( 54.2 %)	 ==================================================
2021-01-27 21:23:22.653253
PAPER EXPERIMENTS
Tech:               TF
Feature Selection:  False
Cross Validation:   True
Remove Outliers:    True
Include Attributes: False
Include N-Grams:    False
Reduce Models:      False
After FS:           False
Remove outlier_both False
K Feature Select:   500

Processed documents: 1062
No proc w/ compensation > 0: 940
TF BOW Document Vector
Features:  16904
Total documents: 940

  0%|                                                                                                                                                                               | 0/25 [00:00<?, ?it/s]No Docs (OR1): 676

  4%|██████▍                                                                                                                                                         | 1/25 [1:00:00<24:00:09, 3600.39s/it]
  8%|████████████▊                                                                                                                                                   | 2/25 [2:03:22<23:23:19, 3660.86s/it]
 12%|███████████████████▏                                                                                                                                            | 3/25 [3:06:51<22:38:34, 3705.22s/it]
 16%|█████████████████████████▌                                                                                                                                      | 4/25 [4:03:26<21:04:15, 3612.16s/it]
 20%|████████████████████████████████                                                                                                                                | 5/25 [5:06:35<20:21:47, 3665.39s/it]
 24%|██████████████████████████████████████▍                                                                                                                         | 6/25 [6:01:57<18:48:05, 3562.38s/it]
 28%|████████████████████████████████████████████▊                                                                                                                   | 7/25 [7:04:27<18:05:37, 3618.74s/it]
 32%|███████████████████████████████████████████████████▏                                                                                                            | 8/25 [7:56:23<16:22:31, 3467.73s/it]
 36%|█████████████████████████████████████████████████████████▌                                                                                                      | 9/25 [8:53:31<15:21:34, 3455.90s/it]
 40%|███████████████████████████████████████████████████████████████▌                                                                                               | 10/25 [9:53:15<14:33:36, 3494.43s/it]
 44%|█████████████████████████████████████████████████████████████████████▌                                                                                        | 11/25 [10:46:58<13:16:20, 3412.90s/it]
 48%|███████████████████████████████████████████████████████████████████████████▊                                                                                  | 12/25 [11:46:17<12:28:57, 3456.72s/it]
 52%|██████████████████████████████████████████████████████████████████████████████████▏                                                                           | 13/25 [12:48:46<11:48:51, 3544.28s/it]
 56%|████████████████████████████████████████████████████████████████████████████████████████▍                                                                     | 14/25 [13:42:32<10:32:19, 3449.04s/it]
 60%|███████████████████████████████████████████████████████████████████████████████████████████████▍                                                               | 15/25 [14:43:53<9:46:24, 3518.45s/it]
 64%|█████████████████████████████████████████████████████████████████████████████████████████████████████▊                                                         | 16/25 [15:41:04<8:43:50, 3492.23s/it]
 68%|████████████████████████████████████████████████████████████████████████████████████████████████████████████                                                   | 17/25 [16:34:36<7:34:24, 3408.07s/it]
 72%|██████████████████████████████████████████████████████████████████████████████████████████████████████████████████▍                                            | 18/25 [17:36:44<6:48:48, 3504.08s/it]
 76%|████████████████████████████████████████████████████████████████████████████████████████████████████████████████████████▊                                      | 19/25 [18:31:10<5:43:15, 3432.60s/it]
 80%|███████████████████████████████████████████████████████████████████████████████████████████████████████████████████████████████▏                               | 20/25 [19:31:38<4:50:56, 3491.21s/it]
 84%|█████████████████████████████████████████████████████████████████████████████████████████████████████████████████████████████████████▌                         | 21/25 [20:30:16<3:53:18, 3499.54s/it]
 88%|███████████████████████████████████████████████████████████████████████████████████████████████████████████████████████████████████████████▉                   | 22/25 [21:32:34<2:58:33, 3571.05s/it]
 92%|██████████████████████████████████████████████████████████████████████████████████████████████████████████████████████████████████████████████████▎            | 23/25 [22:31:54<1:58:54, 3567.47s/it]
 96%|██████████████████████████████████████████████████████████████████████████████████████████████████████████████████████████████████████████████████████████▌      | 24/25 [23:27:03<58:10, 3490.12s/it]
100%|█████████████████████████████████████████████████████████████████████████████████████████████████████████████████████████████████████████████████████████████████| 25/25 [24:24:20<00:00, 3474.22s/it]
100%|█████████████████████████████████████████████████████████████████████████████████████████████████████████████████████████████████████████████████████████████████| 25/25 [24:24:20<00:00, 3514.43s/it]
Elapsed Time:	 1 day, 0:24:22.592957
=====
================================================== 	 28 of 48 ( 56.2 %)	 ==================================================
2021-01-28 21:52:45.547771
PAPER EXPERIMENTS
Tech:               TF
Feature Selection:  False
Cross Validation:   True
Remove Outliers:    True
Include Attributes: False
Include N-Grams:    True
Reduce Models:      False
After FS:           False
Remove outlier_both False
K Feature Select:   500

Processed documents: 1062
No proc w/ compensation > 0: 940
TF BOW Document Vector
Features:  25000
Total documents: 940

  0%|                                                                                                                                                                               | 0/25 [00:00<?, ?it/s]No Docs (OR1): 676

  4%|██████▍                                                                                                                                                         | 1/25 [1:17:11<30:52:46, 4631.92s/it]
  8%|████████████▊                                                                                                                                                   | 2/25 [2:41:54<30:27:25, 4767.19s/it]
 12%|███████████████████▏                                                                                                                                            | 3/25 [4:05:19<29:34:03, 4838.34s/it]
 16%|█████████████████████████▌                                                                                                                                      | 4/25 [5:34:13<29:05:28, 4987.05s/it]
 20%|████████████████████████████████                                                                                                                                | 5/25 [6:58:22<27:48:35, 5005.76s/it]
 24%|██████████████████████████████████████▍                                                                                                                         | 6/25 [8:33:23<27:31:11, 5214.27s/it]
 28%|████████████████████████████████████████████▊                                                                                                                   | 7/25 [9:53:35<25:28:05, 5093.63s/it]
 32%|██████████████████████████████████████████████████▉                                                                                                            | 8/25 [11:14:22<23:42:16, 5019.79s/it]
 36%|█████████████████████████████████████████████████████████▏                                                                                                     | 9/25 [12:39:29<22:25:31, 5045.74s/it]
 40%|███████████████████████████████████████████████████████████████▏                                                                                              | 10/25 [14:05:17<21:09:08, 5076.59s/it]
 44%|█████████████████████████████████████████████████████████████████████▌                                                                                        | 11/25 [15:33:56<20:01:29, 5149.27s/it]
 48%|███████████████████████████████████████████████████████████████████████████▊                                                                                  | 12/25 [16:47:24<17:47:27, 4926.70s/it]
 52%|██████████████████████████████████████████████████████████████████████████████████▏                                                                           | 13/25 [18:03:08<16:02:23, 4811.98s/it]
 56%|████████████████████████████████████████████████████████████████████████████████████████▍                                                                     | 14/25 [19:32:56<15:13:52, 4984.80s/it]
 60%|██████████████████████████████████████████████████████████████████████████████████████████████▊                                                               | 15/25 [20:59:53<14:02:23, 5054.37s/it]
 64%|█████████████████████████████████████████████████████████████████████████████████████████████████████                                                         | 16/25 [22:20:24<12:28:06, 4987.34s/it]
 68%|███████████████████████████████████████████████████████████████████████████████████████████████████████████▍                                                  | 17/25 [23:44:41<11:07:48, 5008.50s/it]
 72%|█████████████████████████████████████████████████████████████████████████████████████████████████████████████████▊                                            | 18/25 [25:16:54<10:02:39, 5165.69s/it]
 76%|████████████████████████████████████████████████████████████████████████████████████████████████████████████████████████▊                                      | 19/25 [26:44:02<8:38:26, 5184.37s/it]
 80%|███████████████████████████████████████████████████████████████████████████████████████████████████████████████████████████████▏                               | 20/25 [28:07:37<7:07:47, 5133.52s/it]
 84%|█████████████████████████████████████████████████████████████████████████████████████████████████████████████████████████████████████▌                         | 21/25 [29:34:49<5:44:12, 5163.08s/it]
 88%|███████████████████████████████████████████████████████████████████████████████████████████████████████████████████████████████████████████▉                   | 22/25 [30:58:36<4:16:06, 5122.24s/it]
 92%|██████████████████████████████████████████████████████████████████████████████████████████████████████████████████████████████████████████████████▎            | 23/25 [32:22:34<2:49:53, 5096.96s/it]
 96%|████████████████████████████████████████████████████████████████████████████████████████████████████████████████████████████████████████████████████████▋      | 24/25 [33:47:24<1:24:55, 5095.09s/it]
100%|█████████████████████████████████████████████████████████████████████████████████████████████████████████████████████████████████████████████████████████████████| 25/25 [35:09:30<00:00, 5044.33s/it]
100%|█████████████████████████████████████████████████████████████████████████████████████████████████████████████████████████████████████████████████████████████████| 25/25 [35:09:30<00:00, 5062.83s/it]
Elapsed Time:	 1 day, 11:09:35.442229
=====
================================================== 	 29 of 48 ( 58.3 %)	 ==================================================
2021-01-30 09:07:21.235415
PAPER EXPERIMENTS
Tech:               TF
Feature Selection:  False
Cross Validation:   False
Remove Outliers:    True
Include Attributes: True
Include N-Grams:    False
Reduce Models:      False
After FS:           False
Remove outlier_both False
K Feature Select:   500

Processed documents: 1062
No proc w/ compensation > 0: 940
TF BOW Document Vector
Features:  16904
Total documents: 940

  0%|                                                                                                                                                                               | 0/25 [00:00<?, ?it/s]No Docs (OR1): 676

  4%|██████▌                                                                                                                                                             | 1/25 [12:34<5:01:45, 754.39s/it]
  8%|█████████████                                                                                                                                                       | 2/25 [26:45<5:00:21, 783.52s/it]
 12%|███████████████████▋                                                                                                                                                | 3/25 [39:41<4:46:22, 781.02s/it]
 16%|██████████████████████████▏                                                                                                                                         | 4/25 [52:45<4:33:42, 782.04s/it]
 20%|████████████████████████████████▍                                                                                                                                 | 5/25 [1:05:21<4:18:07, 774.38s/it]
 24%|██████████████████████████████████████▉                                                                                                                           | 6/25 [1:22:34<4:29:44, 851.81s/it]
 28%|█████████████████████████████████████████████▎                                                                                                                    | 7/25 [1:34:35<4:03:47, 812.66s/it]
 32%|███████████████████████████████████████████████████▊                                                                                                              | 8/25 [1:50:25<4:01:52, 853.68s/it]
 36%|██████████████████████████████████████████████████████████▎                                                                                                       | 9/25 [2:03:50<3:43:44, 839.05s/it]
 40%|████████████████████████████████████████████████████████████████▍                                                                                                | 10/25 [2:17:04<3:26:25, 825.68s/it]
 44%|██████████████████████████████████████████████████████████████████████▊                                                                                          | 11/25 [2:30:18<3:10:25, 816.11s/it]
 48%|█████████████████████████████████████████████████████████████████████████████▎                                                                                   | 12/25 [2:44:22<2:58:40, 824.66s/it]
 52%|███████████████████████████████████████████████████████████████████████████████████▋                                                                             | 13/25 [2:58:23<2:45:54, 829.55s/it]
 56%|██████████████████████████████████████████████████████████████████████████████████████████▏                                                                      | 14/25 [3:09:23<2:22:44, 778.59s/it]
 60%|████████████████████████████████████████████████████████████████████████████████████████████████▌                                                                | 15/25 [3:22:34<2:10:24, 782.42s/it]
 64%|███████████████████████████████████████████████████████████████████████████████████████████████████████                                                          | 16/25 [3:35:46<1:57:45, 785.05s/it]
 68%|█████████████████████████████████████████████████████████████████████████████████████████████████████████████▍                                                   | 17/25 [3:49:47<1:46:56, 802.07s/it]
 72%|███████████████████████████████████████████████████████████████████████████████████████████████████████████████████▉                                             | 18/25 [4:04:27<1:36:17, 825.35s/it]
 76%|██████████████████████████████████████████████████████████████████████████████████████████████████████████████████████████▎                                      | 19/25 [4:18:13<1:22:32, 825.48s/it]
 80%|████████████████████████████████████████████████████████████████████████████████████████████████████████████████████████████████▊                                | 20/25 [4:30:25<1:06:27, 797.43s/it]
 84%|████████████████████████████████████████████████████████████████████████████████████████████████████████████████████████████████████████▉                          | 21/25 [4:42:12<51:21, 770.38s/it]
 88%|███████████████████████████████████████████████████████████████████████████████████████████████████████████████████████████████████████████████▍                   | 22/25 [4:55:24<38:50, 776.93s/it]
 92%|█████████████████████████████████████████████████████████████████████████████████████████████████████████████████████████████████████████████████████▉             | 23/25 [5:08:54<26:13, 786.88s/it]
 96%|████████████████████████████████████████████████████████████████████████████████████████████████████████████████████████████████████████████████████████████▍      | 24/25 [5:24:03<13:43, 823.40s/it]
100%|███████████████████████████████████████████████████████████████████████████████████████████████████████████████████████████████████████████████████████████████████| 25/25 [5:38:10<00:00, 830.58s/it]
100%|███████████████████████████████████████████████████████████████████████████████████████████████████████████████████████████████████████████████████████████████████| 25/25 [5:38:10<00:00, 811.64s/it]
Elapsed Time:	 5:38:12.939078
=====
================================================== 	 30 of 48 ( 60.4 %)	 ==================================================
2021-01-30 14:50:34.476086
PAPER EXPERIMENTS
Tech:               TF
Feature Selection:  False
Cross Validation:   False
Remove Outliers:    True
Include Attributes: True
Include N-Grams:    True
Reduce Models:      False
After FS:           False
Remove outlier_both False
K Feature Select:   500

Processed documents: 1062
No proc w/ compensation > 0: 940
TF BOW Document Vector
Features:  25000
Total documents: 940

  0%|                                                                                                                                                                               | 0/25 [00:00<?, ?it/s]No Docs (OR1): 676

  4%|██████▌                                                                                                                                                             | 1/25 [16:23<6:33:26, 983.59s/it]
  8%|█████████████                                                                                                                                                      | 2/25 [34:17<6:27:24, 1010.63s/it]
 12%|███████████████████▌                                                                                                                                               | 3/25 [54:03<6:29:54, 1063.40s/it]
 16%|█████████████████████████▊                                                                                                                                       | 4/25 [1:13:07<6:20:37, 1087.52s/it]
 20%|████████████████████████████████▏                                                                                                                                | 5/25 [1:33:04<6:13:24, 1120.24s/it]
 24%|██████████████████████████████████████▋                                                                                                                          | 6/25 [1:51:58<5:56:04, 1124.47s/it]
 28%|█████████████████████████████████████████████                                                                                                                    | 7/25 [2:07:25<5:19:33, 1065.19s/it]
 32%|███████████████████████████████████████████████████▌                                                                                                             | 8/25 [2:26:31<5:08:38, 1089.31s/it]
 36%|█████████████████████████████████████████████████████████▉                                                                                                       | 9/25 [2:46:15<4:58:06, 1117.91s/it]
 40%|████████████████████████████████████████████████████████████████                                                                                                | 10/25 [3:03:44<4:34:18, 1097.22s/it]
 44%|██████████████████████████████████████████████████████████████████████▍                                                                                         | 11/25 [3:21:46<4:14:57, 1092.70s/it]
 48%|████████████████████████████████████████████████████████████████████████████▊                                                                                   | 12/25 [3:44:03<4:12:35, 1165.78s/it]
 52%|███████████████████████████████████████████████████████████████████████████████████▏                                                                            | 13/25 [4:04:28<3:56:42, 1183.56s/it]
 56%|█████████████████████████████████████████████████████████████████████████████████████████▌                                                                      | 14/25 [4:23:06<3:33:22, 1163.91s/it]
 60%|████████████████████████████████████████████████████████████████████████████████████████████████                                                                | 15/25 [4:50:35<3:38:14, 1309.41s/it]
 64%|██████████████████████████████████████████████████████████████████████████████████████████████████████▍                                                         | 16/25 [5:07:59<3:04:28, 1229.82s/it]
 68%|████████████████████████████████████████████████████████████████████████████████████████████████████████████▊                                                   | 17/25 [5:28:01<2:42:53, 1221.70s/it]
 72%|███████████████████████████████████████████████████████████████████████████████████████████████████████████████████▏                                            | 18/25 [5:43:01<2:11:14, 1124.95s/it]
 76%|█████████████████████████████████████████████████████████████████████████████████████████████████████████████████████████▌                                      | 19/25 [6:00:08<1:49:33, 1095.60s/it]
 80%|████████████████████████████████████████████████████████████████████████████████████████████████████████████████████████████████                                | 20/25 [6:18:36<1:31:36, 1099.35s/it]
 84%|██████████████████████████████████████████████████████████████████████████████████████████████████████████████████████████████████████▍                         | 21/25 [6:36:42<1:13:00, 1095.24s/it]
 88%|██████████████████████████████████████████████████████████████████████████████████████████████████████████████████████████████████████████████▌                   | 22/25 [6:54:32<54:23, 1087.82s/it]
 92%|█████████████████████████████████████████████████████████████████████████████████████████████████████████████████████████████████████████████████████             | 23/25 [7:13:43<36:53, 1106.64s/it]
 96%|███████████████████████████████████████████████████████████████████████████████████████████████████████████████████████████████████████████████████████████▌      | 24/25 [7:31:09<18:08, 1088.58s/it]
100%|██████████████████████████████████████████████████████████████████████████████████████████████████████████████████████████████████████████████████████████████████| 25/25 [7:54:37<00:00, 1184.49s/it]
100%|██████████████████████████████████████████████████████████████████████████████████████████████████████████████████████████████████████████████████████████████████| 25/25 [7:54:37<00:00, 1139.11s/it]
Elapsed Time:	 7:54:42.522633
=====
================================================== 	 31 of 48 ( 62.5 %)	 ==================================================
2021-01-30 22:50:17.295698
PAPER EXPERIMENTS
Tech:               TF
Feature Selection:  False
Cross Validation:   True
Remove Outliers:    True
Include Attributes: True
Include N-Grams:    False
Reduce Models:      False
After FS:           False
Remove outlier_both False
K Feature Select:   500

Processed documents: 1062
No proc w/ compensation > 0: 940
TF BOW Document Vector
Features:  16904
Total documents: 940

  0%|                                                                                                                                                                               | 0/25 [00:00<?, ?it/s]No Docs (OR1): 677

  4%|██████▍                                                                                                                                                         | 1/25 [1:07:07<26:51:10, 4027.93s/it]
  8%|████████████▊                                                                                                                                                   | 2/25 [2:10:23<25:17:21, 3958.34s/it]
 12%|███████████████████▏                                                                                                                                            | 3/25 [3:21:32<24:45:28, 4051.30s/it]
 16%|█████████████████████████▌                                                                                                                                      | 4/25 [4:28:17<23:33:05, 4037.42s/it]
 20%|████████████████████████████████                                                                                                                                | 5/25 [5:35:49<22:27:20, 4042.00s/it]
 24%|██████████████████████████████████████▍                                                                                                                         | 6/25 [6:46:50<21:40:42, 4107.53s/it]
 28%|████████████████████████████████████████████▊                                                                                                                   | 7/25 [7:54:06<20:25:48, 4086.02s/it]
 32%|███████████████████████████████████████████████████▏                                                                                                            | 8/25 [9:03:47<19:25:46, 4114.50s/it]
 36%|█████████████████████████████████████████████████████████▏                                                                                                     | 9/25 [10:11:31<18:13:14, 4099.63s/it]
 40%|███████████████████████████████████████████████████████████████▏                                                                                              | 10/25 [11:18:15<16:57:42, 4070.82s/it]
 44%|█████████████████████████████████████████████████████████████████████▌                                                                                        | 11/25 [12:21:44<15:31:30, 3992.21s/it]
 48%|███████████████████████████████████████████████████████████████████████████▊                                                                                  | 12/25 [13:29:28<14:29:39, 4013.80s/it]
 52%|██████████████████████████████████████████████████████████████████████████████████▏                                                                           | 13/25 [14:40:34<13:37:55, 4089.58s/it]
 56%|████████████████████████████████████████████████████████████████████████████████████████▍                                                                     | 14/25 [15:45:27<12:18:54, 4030.39s/it]
 60%|██████████████████████████████████████████████████████████████████████████████████████████████▊                                                               | 15/25 [16:48:17<10:58:42, 3952.28s/it]
 64%|█████████████████████████████████████████████████████████████████████████████████████████████████████                                                         | 16/25 [17:59:00<10:05:55, 4039.45s/it]
 68%|████████████████████████████████████████████████████████████████████████████████████████████████████████████                                                   | 17/25 [19:06:16<8:58:28, 4038.52s/it]
 72%|██████████████████████████████████████████████████████████████████████████████████████████████████████████████████▍                                            | 18/25 [20:08:47<7:41:05, 3952.27s/it]
 76%|████████████████████████████████████████████████████████████████████████████████████████████████████████████████████████▊                                      | 19/25 [21:20:27<6:45:40, 4056.70s/it]
 80%|███████████████████████████████████████████████████████████████████████████████████████████████████████████████████████████████▏                               | 20/25 [22:24:39<5:32:56, 3995.33s/it]
 84%|█████████████████████████████████████████████████████████████████████████████████████████████████████████████████████████████████████▌                         | 21/25 [23:33:14<4:28:44, 4031.08s/it]
 88%|███████████████████████████████████████████████████████████████████████████████████████████████████████████████████████████████████████████▉                   | 22/25 [24:44:40<3:25:23, 4107.71s/it]
 92%|██████████████████████████████████████████████████████████████████████████████████████████████████████████████████████████████████████████████████▎            | 23/25 [25:48:28<2:14:07, 4023.76s/it]
 96%|████████████████████████████████████████████████████████████████████████████████████████████████████████████████████████████████████████████████████████▋      | 24/25 [26:53:28<1:06:26, 3986.60s/it]
100%|█████████████████████████████████████████████████████████████████████████████████████████████████████████████████████████████████████████████████████████████████| 25/25 [27:58:03<00:00, 3952.99s/it]
100%|█████████████████████████████████████████████████████████████████████████████████████████████████████████████████████████████████████████████████████████████████| 25/25 [27:58:03<00:00, 4027.33s/it]
Elapsed Time:	 1 day, 3:58:05.256585
=====
